2019-12-18 11:09:28 [restartedMain] INFO  c.s.app.SecurityDemoApplication - Starting SecurityDemoApplication on DML-05823 with PID 26604 (D:\Eclipse\SecurityDemoWithJsp\target\classes started by jvaibhavbalu in D:\Eclipse\SecurityDemoWithJsp)
2019-12-18 11:09:28 [restartedMain] DEBUG c.s.app.SecurityDemoApplication - Running with Spring Boot v2.2.1.RELEASE, Spring v5.2.1.RELEASE
2019-12-18 11:09:28 [restartedMain] INFO  c.s.app.SecurityDemoApplication - No active profile set, falling back to default profiles: default
2019-12-18 11:09:38 [restartedMain] INFO  c.security.app.config.SecurityConfig - inside AuthenticationManagerBuilder
2019-12-18 11:09:38 [restartedMain] INFO  c.security.app.config.SecurityConfig - inside DaoAuthenticationProvider
2019-12-18 11:09:40 [restartedMain] INFO  c.s.app.SecurityDemoApplication - Started SecurityDemoApplication in 13.131 seconds (JVM running for 19.59)
2019-12-18 11:09:52 [http-nio-8080-exec-5] INFO  c.s.app.controller.LoginController - In controller with Sign up
2019-12-18 11:10:41 [restartedMain] INFO  c.s.app.SecurityDemoApplication - Starting SecurityDemoApplication on DML-05823 with PID 26604 (D:\Eclipse\SecurityDemoWithJsp\target\classes started by jvaibhavbalu in D:\Eclipse\SecurityDemoWithJsp)
2019-12-18 11:10:41 [restartedMain] DEBUG c.s.app.SecurityDemoApplication - Running with Spring Boot v2.2.1.RELEASE, Spring v5.2.1.RELEASE
2019-12-18 11:10:41 [restartedMain] INFO  c.s.app.SecurityDemoApplication - No active profile set, falling back to default profiles: default
2019-12-18 11:10:44 [restartedMain] INFO  c.security.app.config.SecurityConfig - inside AuthenticationManagerBuilder
2019-12-18 11:10:44 [restartedMain] INFO  c.security.app.config.SecurityConfig - inside DaoAuthenticationProvider
2019-12-18 11:10:44 [restartedMain] INFO  c.s.app.SecurityDemoApplication - Started SecurityDemoApplication in 2.884 seconds (JVM running for 83.952)
2019-12-18 11:10:52 [http-nio-8080-exec-5] INFO  c.s.app.controller.LoginController - In controller with Sign up
2019-12-18 11:13:39 [http-nio-8080-exec-4] INFO  c.s.app.controller.LoginController - In controller with Sign up
2019-12-18 11:16:37 [restartedMain] INFO  c.s.app.SecurityDemoApplication - Starting SecurityDemoApplication on DML-05823 with PID 26604 (D:\Eclipse\SecurityDemoWithJsp\target\classes started by jvaibhavbalu in D:\Eclipse\SecurityDemoWithJsp)
2019-12-18 11:16:37 [restartedMain] DEBUG c.s.app.SecurityDemoApplication - Running with Spring Boot v2.2.1.RELEASE, Spring v5.2.1.RELEASE
2019-12-18 11:16:37 [restartedMain] INFO  c.s.app.SecurityDemoApplication - No active profile set, falling back to default profiles: default
2019-12-18 11:16:40 [restartedMain] INFO  c.security.app.config.SecurityConfig - inside AuthenticationManagerBuilder
2019-12-18 11:16:40 [restartedMain] INFO  c.security.app.config.SecurityConfig - inside DaoAuthenticationProvider
2019-12-18 11:16:40 [restartedMain] INFO  c.s.app.SecurityDemoApplication - Started SecurityDemoApplication in 2.553 seconds (JVM running for 439.618)
2019-12-18 11:19:14 [restartedMain] INFO  c.s.app.SecurityDemoApplication - Starting SecurityDemoApplication on DML-05823 with PID 30480 (D:\Eclipse\SecurityDemoWithJsp\target\classes started by jvaibhavbalu in D:\Eclipse\SecurityDemoWithJsp)
2019-12-18 11:19:14 [restartedMain] DEBUG c.s.app.SecurityDemoApplication - Running with Spring Boot v2.2.1.RELEASE, Spring v5.2.1.RELEASE
2019-12-18 11:19:14 [restartedMain] INFO  c.s.app.SecurityDemoApplication - No active profile set, falling back to default profiles: default
2019-12-18 11:19:22 [restartedMain] INFO  c.security.app.config.SecurityConfig - inside AuthenticationManagerBuilder
2019-12-18 11:19:22 [restartedMain] INFO  c.security.app.config.SecurityConfig - inside DaoAuthenticationProvider
2019-12-18 11:19:23 [restartedMain] INFO  c.s.app.SecurityDemoApplication - Started SecurityDemoApplication in 10.083 seconds (JVM running for 11.395)
2019-12-18 11:19:47 [http-nio-8080-exec-4] INFO  c.s.app.controller.LoginController - In controller with Sign up
2019-12-18 11:20:38 [restartedMain] INFO  c.s.app.SecurityDemoApplication - Starting SecurityDemoApplication on DML-05823 with PID 30480 (D:\Eclipse\SecurityDemoWithJsp\target\classes started by jvaibhavbalu in D:\Eclipse\SecurityDemoWithJsp)
2019-12-18 11:20:38 [restartedMain] DEBUG c.s.app.SecurityDemoApplication - Running with Spring Boot v2.2.1.RELEASE, Spring v5.2.1.RELEASE
2019-12-18 11:20:38 [restartedMain] INFO  c.s.app.SecurityDemoApplication - No active profile set, falling back to default profiles: default
2019-12-18 11:20:40 [restartedMain] INFO  c.security.app.config.SecurityConfig - inside AuthenticationManagerBuilder
2019-12-18 11:20:40 [restartedMain] INFO  c.security.app.config.SecurityConfig - inside DaoAuthenticationProvider
2019-12-18 11:20:40 [restartedMain] INFO  c.s.app.SecurityDemoApplication - Started SecurityDemoApplication in 2.231 seconds (JVM running for 88.145)
2019-12-18 11:20:57 [restartedMain] INFO  c.s.app.SecurityDemoApplication - Starting SecurityDemoApplication on DML-05823 with PID 30480 (D:\Eclipse\SecurityDemoWithJsp\target\classes started by jvaibhavbalu in D:\Eclipse\SecurityDemoWithJsp)
2019-12-18 11:20:57 [restartedMain] DEBUG c.s.app.SecurityDemoApplication - Running with Spring Boot v2.2.1.RELEASE, Spring v5.2.1.RELEASE
2019-12-18 11:20:57 [restartedMain] INFO  c.s.app.SecurityDemoApplication - No active profile set, falling back to default profiles: default
2019-12-18 11:20:59 [restartedMain] INFO  c.security.app.config.SecurityConfig - inside AuthenticationManagerBuilder
2019-12-18 11:20:59 [restartedMain] INFO  c.security.app.config.SecurityConfig - inside DaoAuthenticationProvider
2019-12-18 11:20:59 [restartedMain] INFO  c.s.app.SecurityDemoApplication - Started SecurityDemoApplication in 1.638 seconds (JVM running for 106.773)
2019-12-18 11:21:06 [http-nio-8080-exec-6] INFO  c.s.app.controller.LoginController - In controller with Sign up
2019-12-18 11:21:55 [restartedMain] INFO  c.s.app.SecurityDemoApplication - Starting SecurityDemoApplication on DML-05823 with PID 30480 (D:\Eclipse\SecurityDemoWithJsp\target\classes started by jvaibhavbalu in D:\Eclipse\SecurityDemoWithJsp)
2019-12-18 11:21:55 [restartedMain] DEBUG c.s.app.SecurityDemoApplication - Running with Spring Boot v2.2.1.RELEASE, Spring v5.2.1.RELEASE
2019-12-18 11:21:55 [restartedMain] INFO  c.s.app.SecurityDemoApplication - No active profile set, falling back to default profiles: default
2019-12-18 11:21:56 [restartedMain] INFO  c.security.app.config.SecurityConfig - inside AuthenticationManagerBuilder
2019-12-18 11:21:56 [restartedMain] INFO  c.security.app.config.SecurityConfig - inside DaoAuthenticationProvider
2019-12-18 11:21:56 [restartedMain] INFO  c.s.app.SecurityDemoApplication - Started SecurityDemoApplication in 1.56 seconds (JVM running for 164.097)
2019-12-18 11:22:06 [restartedMain] INFO  c.s.app.SecurityDemoApplication - Starting SecurityDemoApplication on DML-05823 with PID 27280 (D:\Eclipse\SecurityDemoWithJsp\target\classes started by jvaibhavbalu in D:\Eclipse\SecurityDemoWithJsp)
2019-12-18 11:22:06 [restartedMain] DEBUG c.s.app.SecurityDemoApplication - Running with Spring Boot v2.2.1.RELEASE, Spring v5.2.1.RELEASE
2019-12-18 11:22:06 [restartedMain] INFO  c.s.app.SecurityDemoApplication - No active profile set, falling back to default profiles: default
2019-12-18 11:22:13 [restartedMain] INFO  c.security.app.config.SecurityConfig - inside AuthenticationManagerBuilder
2019-12-18 11:22:13 [restartedMain] INFO  c.security.app.config.SecurityConfig - inside DaoAuthenticationProvider
2019-12-18 11:22:14 [restartedMain] INFO  c.s.app.SecurityDemoApplication - Started SecurityDemoApplication in 9.655 seconds (JVM running for 10.906)
2019-12-18 11:22:24 [http-nio-8080-exec-5] INFO  c.s.app.controller.LoginController - In controller with Sign up
2019-12-18 11:27:06 [restartedMain] INFO  c.s.app.SecurityDemoApplication - Starting SecurityDemoApplication on DML-05823 with PID 29144 (D:\Eclipse\SecurityDemoWithJsp\target\classes started by jvaibhavbalu in D:\Eclipse\SecurityDemoWithJsp)
2019-12-18 11:27:06 [restartedMain] DEBUG c.s.app.SecurityDemoApplication - Running with Spring Boot v2.2.1.RELEASE, Spring v5.2.1.RELEASE
2019-12-18 11:27:06 [restartedMain] INFO  c.s.app.SecurityDemoApplication - No active profile set, falling back to default profiles: default
2019-12-18 11:27:13 [restartedMain] INFO  c.security.app.config.SecurityConfig - inside AuthenticationManagerBuilder
2019-12-18 11:27:13 [restartedMain] INFO  c.security.app.config.SecurityConfig - inside DaoAuthenticationProvider
2019-12-18 11:27:15 [restartedMain] INFO  c.s.app.SecurityDemoApplication - Started SecurityDemoApplication in 9.454 seconds (JVM running for 10.669)
2019-12-18 11:27:21 [http-nio-8080-exec-4] INFO  c.s.app.controller.LoginController - In controller with Sign up
2019-12-18 11:28:42 [http-nio-8080-exec-2] INFO  c.s.app.controller.LoginController - In controller with Sign up
2019-12-18 11:31:07 [http-nio-8080-exec-1] INFO  c.s.app.controller.LoginController - In controller with Sign up
2019-12-18 11:33:26 [http-nio-8080-exec-5] INFO  c.s.app.controller.LoginController - In controller with Sign up
2019-12-18 11:36:07 [http-nio-8080-exec-3] INFO  c.s.app.controller.LoginController - In controller with Sign up
2019-12-18 11:36:34 [http-nio-8080-exec-2] INFO  c.s.app.controller.LoginController - In controller with url /loginFailed
2019-12-18 11:37:02 [http-nio-8080-exec-10] INFO  c.s.app.controller.LoginController - in to the post login controller
2019-12-18 11:37:15 [http-nio-8080-exec-6] INFO  c.s.app.controller.LoginController - in to the post login controller
2019-12-18 11:41:33 [http-nio-8080-exec-3] INFO  c.s.app.controller.LoginController - In controller with Sign up
2019-12-18 11:41:45 [http-nio-8080-exec-9] INFO  c.s.app.controller.LoginController - In controller with Sign up
2019-12-18 11:47:28 [restartedMain] INFO  c.s.app.SecurityDemoApplication - Starting SecurityDemoApplication on DML-05823 with PID 29144 (D:\Eclipse\SecurityDemoWithJsp\target\classes started by jvaibhavbalu in D:\Eclipse\SecurityDemoWithJsp)
2019-12-18 11:47:28 [restartedMain] DEBUG c.s.app.SecurityDemoApplication - Running with Spring Boot v2.2.1.RELEASE, Spring v5.2.1.RELEASE
2019-12-18 11:47:28 [restartedMain] INFO  c.s.app.SecurityDemoApplication - No active profile set, falling back to default profiles: default
2019-12-18 11:47:30 [restartedMain] INFO  c.security.app.config.SecurityConfig - inside AuthenticationManagerBuilder
2019-12-18 11:47:30 [restartedMain] INFO  c.security.app.config.SecurityConfig - inside DaoAuthenticationProvider
2019-12-18 11:47:30 [restartedMain] INFO  c.s.app.SecurityDemoApplication - Started SecurityDemoApplication in 2.147 seconds (JVM running for 1226.278)
2019-12-18 11:47:48 [restartedMain] INFO  c.s.app.SecurityDemoApplication - Starting SecurityDemoApplication on DML-05823 with PID 4192 (D:\Eclipse\SecurityDemoWithJsp\target\classes started by jvaibhavbalu in D:\Eclipse\SecurityDemoWithJsp)
2019-12-18 11:47:48 [restartedMain] DEBUG c.s.app.SecurityDemoApplication - Running with Spring Boot v2.2.1.RELEASE, Spring v5.2.1.RELEASE
2019-12-18 11:47:48 [restartedMain] INFO  c.s.app.SecurityDemoApplication - No active profile set, falling back to default profiles: default
2019-12-18 11:47:57 [restartedMain] INFO  c.security.app.config.SecurityConfig - inside AuthenticationManagerBuilder
2019-12-18 11:47:57 [restartedMain] INFO  c.security.app.config.SecurityConfig - inside DaoAuthenticationProvider
2019-12-18 11:47:58 [restartedMain] INFO  c.s.app.SecurityDemoApplication - Started SecurityDemoApplication in 11.524 seconds (JVM running for 12.975)
2019-12-18 11:48:09 [http-nio-8080-exec-4] INFO  c.s.app.controller.LoginController - In controller with Sign up
2019-12-18 11:53:38 [restartedMain] INFO  c.s.app.SecurityDemoApplication - Starting SecurityDemoApplication on DML-05823 with PID 4192 (D:\Eclipse\SecurityDemoWithJsp\target\classes started by jvaibhavbalu in D:\Eclipse\SecurityDemoWithJsp)
2019-12-18 11:53:38 [restartedMain] DEBUG c.s.app.SecurityDemoApplication - Running with Spring Boot v2.2.1.RELEASE, Spring v5.2.1.RELEASE
2019-12-18 11:53:38 [restartedMain] INFO  c.s.app.SecurityDemoApplication - No active profile set, falling back to default profiles: default
2019-12-18 11:53:41 [restartedMain] INFO  c.security.app.config.SecurityConfig - inside AuthenticationManagerBuilder
2019-12-18 11:53:41 [restartedMain] INFO  c.security.app.config.SecurityConfig - inside DaoAuthenticationProvider
2019-12-18 11:53:41 [restartedMain] INFO  c.s.app.SecurityDemoApplication - Started SecurityDemoApplication in 2.409 seconds (JVM running for 355.378)
2019-12-18 11:54:32 [http-nio-8080-exec-5] INFO  c.s.app.controller.LoginController - In controller with url /loginFailed
2019-12-18 11:54:53 [http-nio-8080-exec-7] INFO  c.s.app.controller.LoginController - in to the post login controller
2019-12-18 11:55:27 [http-nio-8080-exec-5] INFO  c.s.app.controller.LoginController - In controller with Sign up
2019-12-18 11:55:37 [http-nio-8080-exec-7] INFO  c.s.app.controller.LoginController - In controller with Sign up
2019-12-18 11:55:45 [http-nio-8080-exec-1] INFO  c.s.app.controller.LoginController - Value Has Been Taken From User
2019-12-18 11:55:45 [http-nio-8080-exec-1] INFO  c.s.app.controller.LoginController - password doesn't get match
2019-12-18 12:36:32 [restartedMain] INFO  c.s.app.SecurityDemoApplication - Starting SecurityDemoApplication on DML-05823 with PID 30316 (D:\Eclipse\SecurityDemoWithJsp\target\classes started by jvaibhavbalu in D:\Eclipse\SecurityDemoWithJsp)
2019-12-18 12:36:32 [restartedMain] DEBUG c.s.app.SecurityDemoApplication - Running with Spring Boot v2.2.1.RELEASE, Spring v5.2.1.RELEASE
2019-12-18 12:36:32 [restartedMain] INFO  c.s.app.SecurityDemoApplication - No active profile set, falling back to default profiles: default
2019-12-18 12:36:55 [restartedMain] INFO  c.security.app.config.SecurityConfig - inside AuthenticationManagerBuilder
2019-12-18 12:36:55 [restartedMain] INFO  c.security.app.config.SecurityConfig - inside DaoAuthenticationProvider
2019-12-18 12:36:56 [restartedMain] INFO  c.s.app.SecurityDemoApplication - Started SecurityDemoApplication in 26.141 seconds (JVM running for 27.51)
2019-12-18 12:37:29 [http-nio-8080-exec-4] INFO  c.s.app.controller.LoginController - In controller with Sign up
2019-12-18 12:41:03 [http-nio-8080-exec-2] INFO  c.s.app.controller.LoginController - In /login controller
2019-12-18 12:41:38 [restartedMain] INFO  c.s.app.SecurityDemoApplication - Starting SecurityDemoApplication on DML-05823 with PID 30316 (D:\Eclipse\SecurityDemoWithJsp\target\classes started by jvaibhavbalu in D:\Eclipse\SecurityDemoWithJsp)
2019-12-18 12:41:38 [restartedMain] DEBUG c.s.app.SecurityDemoApplication - Running with Spring Boot v2.2.1.RELEASE, Spring v5.2.1.RELEASE
2019-12-18 12:41:38 [restartedMain] INFO  c.s.app.SecurityDemoApplication - No active profile set, falling back to default profiles: default
2019-12-18 12:41:40 [restartedMain] INFO  c.security.app.config.SecurityConfig - inside AuthenticationManagerBuilder
2019-12-18 12:41:40 [restartedMain] INFO  c.security.app.config.SecurityConfig - inside DaoAuthenticationProvider
2019-12-18 12:41:41 [restartedMain] INFO  c.s.app.SecurityDemoApplication - Started SecurityDemoApplication in 2.553 seconds (JVM running for 311.802)
