2019-12-17 10:25:07 [restartedMain] INFO  c.s.app.SecurityDemoApplication - Starting SecurityDemoApplication on DML-05823 with PID 20044 (D:\Eclipse\SecurityDemoWithJsp\target\classes started by jvaibhavbalu in D:\Eclipse\SecurityDemoWithJsp)
2019-12-17 10:25:07 [restartedMain] DEBUG c.s.app.SecurityDemoApplication - Running with Spring Boot v2.2.1.RELEASE, Spring v5.2.1.RELEASE
2019-12-17 10:25:07 [restartedMain] INFO  c.s.app.SecurityDemoApplication - No active profile set, falling back to default profiles: default
2019-12-17 10:25:16 [restartedMain] INFO  c.security.app.config.SecurityConfig - inside AuthenticationManagerBuilder
2019-12-17 10:25:16 [restartedMain] INFO  c.security.app.config.SecurityConfig - inside DaoAuthenticationProvider
2019-12-17 10:25:17 [restartedMain] INFO  c.s.app.SecurityDemoApplication - Started SecurityDemoApplication in 11.084 seconds (JVM running for 15.072)
2019-12-17 12:48:42 [restartedMain] INFO  c.s.app.SecurityDemoApplication - Starting SecurityDemoApplication on DML-05823 with PID 9684 (D:\Eclipse\SecurityDemoWithJsp\target\classes started by jvaibhavbalu in D:\Eclipse\SecurityDemoWithJsp)
2019-12-17 12:48:42 [restartedMain] DEBUG c.s.app.SecurityDemoApplication - Running with Spring Boot v2.2.1.RELEASE, Spring v5.2.1.RELEASE
2019-12-17 12:48:42 [restartedMain] INFO  c.s.app.SecurityDemoApplication - No active profile set, falling back to default profiles: default
2019-12-17 12:48:52 [restartedMain] INFO  c.security.app.config.SecurityConfig - inside AuthenticationManagerBuilder
2019-12-17 12:48:52 [restartedMain] INFO  c.security.app.config.SecurityConfig - inside DaoAuthenticationProvider
2019-12-17 12:48:53 [restartedMain] INFO  c.s.app.SecurityDemoApplication - Started SecurityDemoApplication in 12.294 seconds (JVM running for 13.559)
2019-12-17 12:49:31 [http-nio-8080-exec-10] INFO  c.s.app.controller.LoginController - In controller with Sign up
2019-12-17 12:51:23 [restartedMain] INFO  c.s.app.SecurityDemoApplication - Starting SecurityDemoApplication on DML-05823 with PID 19596 (D:\Eclipse\SecurityDemoWithJsp\target\classes started by jvaibhavbalu in D:\Eclipse\SecurityDemoWithJsp)
2019-12-17 12:51:23 [restartedMain] DEBUG c.s.app.SecurityDemoApplication - Running with Spring Boot v2.2.1.RELEASE, Spring v5.2.1.RELEASE
2019-12-17 12:51:23 [restartedMain] INFO  c.s.app.SecurityDemoApplication - No active profile set, falling back to default profiles: default
2019-12-17 12:51:31 [restartedMain] INFO  c.security.app.config.SecurityConfig - inside AuthenticationManagerBuilder
2019-12-17 12:51:31 [restartedMain] INFO  c.security.app.config.SecurityConfig - inside DaoAuthenticationProvider
2019-12-17 12:51:32 [restartedMain] INFO  c.s.app.SecurityDemoApplication - Started SecurityDemoApplication in 9.442 seconds (JVM running for 10.721)
2019-12-17 12:51:38 [http-nio-8080-exec-1] INFO  c.s.app.controller.LoginController - In controller with Sign up
2019-12-17 12:53:24 [http-nio-8080-exec-8] INFO  c.s.app.controller.LoginController - In controller with Sign up
2019-12-17 12:53:35 [http-nio-8080-exec-1] INFO  c.s.app.controller.LoginController - In controller with Sign up
2019-12-17 12:53:50 [http-nio-8080-exec-4] INFO  c.s.app.controller.LoginController - In controller with Sign up
2019-12-17 12:55:00 [http-nio-8080-exec-7] INFO  c.s.app.controller.LoginController - In controller with Sign up
2019-12-17 12:55:21 [http-nio-8080-exec-9] INFO  c.s.app.controller.LoginController - inside the signup
2019-12-17 12:55:29 [http-nio-8080-exec-9] INFO  c.s.app.controller.LoginController - inside the signup123
2019-12-17 12:55:38 [http-nio-8080-exec-2] INFO  c.s.app.controller.LoginController - In controller with Sign up
2019-12-17 12:55:51 [http-nio-8080-exec-4] INFO  c.s.app.controller.LoginController - inside the signup
2019-12-17 12:56:11 [http-nio-8080-exec-6] INFO  c.s.app.controller.LoginController - inside the signup
2019-12-17 13:00:37 [restartedMain] INFO  c.s.app.SecurityDemoApplication - Starting SecurityDemoApplication on DML-05823 with PID 18884 (D:\Eclipse\SecurityDemoWithJsp\target\classes started by jvaibhavbalu in D:\Eclipse\SecurityDemoWithJsp)
2019-12-17 13:00:37 [restartedMain] DEBUG c.s.app.SecurityDemoApplication - Running with Spring Boot v2.2.1.RELEASE, Spring v5.2.1.RELEASE
2019-12-17 13:00:37 [restartedMain] INFO  c.s.app.SecurityDemoApplication - No active profile set, falling back to default profiles: default
2019-12-17 13:00:45 [restartedMain] INFO  c.security.app.config.SecurityConfig - inside AuthenticationManagerBuilder
2019-12-17 13:00:45 [restartedMain] INFO  c.security.app.config.SecurityConfig - inside DaoAuthenticationProvider
2019-12-17 13:00:46 [restartedMain] INFO  c.s.app.SecurityDemoApplication - Started SecurityDemoApplication in 9.897 seconds (JVM running for 11.32)
2019-12-17 13:00:58 [http-nio-8080-exec-1] INFO  c.s.app.controller.LoginController - In controller with Sign up
2019-12-17 13:03:43 [http-nio-8080-exec-6] INFO  c.s.app.controller.LoginController - In controller with Sign up
2019-12-17 13:03:55 [http-nio-8080-exec-8] INFO  c.s.app.controller.LoginController - Value Has Been Taken From User
2019-12-17 13:05:55 [http-nio-8080-exec-6] INFO  c.s.app.controller.LoginController - in to the post login controller
2019-12-17 13:09:35 [http-nio-8080-exec-1] INFO  c.s.app.controller.LoginController - In controller with Sign up
2019-12-17 13:51:53 [http-nio-8080-exec-3] INFO  c.s.app.controller.LoginController - In controller with Sign up
2019-12-17 13:54:42 [http-nio-8080-exec-7] INFO  c.s.app.controller.LoginController - In controller with Sign up
2019-12-17 13:57:41 [restartedMain] INFO  c.s.app.SecurityDemoApplication - Starting SecurityDemoApplication on DML-05823 with PID 18884 (D:\Eclipse\SecurityDemoWithJsp\target\classes started by jvaibhavbalu in D:\Eclipse\SecurityDemoWithJsp)
2019-12-17 13:57:41 [restartedMain] DEBUG c.s.app.SecurityDemoApplication - Running with Spring Boot v2.2.1.RELEASE, Spring v5.2.1.RELEASE
2019-12-17 13:57:41 [restartedMain] INFO  c.s.app.SecurityDemoApplication - No active profile set, falling back to default profiles: default
2019-12-17 13:57:43 [restartedMain] INFO  c.security.app.config.SecurityConfig - inside AuthenticationManagerBuilder
2019-12-17 13:57:43 [restartedMain] INFO  c.security.app.config.SecurityConfig - inside DaoAuthenticationProvider
2019-12-17 13:57:43 [restartedMain] INFO  c.s.app.SecurityDemoApplication - Started SecurityDemoApplication in 2.787 seconds (JVM running for 3428.47)
2019-12-17 13:57:50 [restartedMain] INFO  c.s.app.SecurityDemoApplication - Starting SecurityDemoApplication on DML-05823 with PID 28148 (D:\Eclipse\SecurityDemoWithJsp\target\classes started by jvaibhavbalu in D:\Eclipse\SecurityDemoWithJsp)
2019-12-17 13:57:50 [restartedMain] DEBUG c.s.app.SecurityDemoApplication - Running with Spring Boot v2.2.1.RELEASE, Spring v5.2.1.RELEASE
2019-12-17 13:57:50 [restartedMain] INFO  c.s.app.SecurityDemoApplication - No active profile set, falling back to default profiles: default
2019-12-17 13:57:59 [restartedMain] INFO  c.security.app.config.SecurityConfig - inside AuthenticationManagerBuilder
2019-12-17 13:57:59 [restartedMain] INFO  c.security.app.config.SecurityConfig - inside DaoAuthenticationProvider
2019-12-17 13:58:00 [restartedMain] INFO  c.s.app.SecurityDemoApplication - Started SecurityDemoApplication in 11.359 seconds (JVM running for 12.457)
2019-12-17 13:58:20 [http-nio-8080-exec-6] INFO  c.s.app.controller.LoginController - In controller with Sign up
2019-12-17 13:58:31 [http-nio-8080-exec-9] INFO  c.s.app.controller.LoginController - Value Has Been Taken From User
2019-12-17 13:58:50 [http-nio-8080-exec-2] INFO  c.s.app.controller.LoginController - Value Has Been Taken From User
2019-12-17 13:59:45 [restartedMain] INFO  c.s.app.SecurityDemoApplication - Starting SecurityDemoApplication on DML-05823 with PID 28148 (D:\Eclipse\SecurityDemoWithJsp\target\classes started by jvaibhavbalu in D:\Eclipse\SecurityDemoWithJsp)
2019-12-17 13:59:45 [restartedMain] DEBUG c.s.app.SecurityDemoApplication - Running with Spring Boot v2.2.1.RELEASE, Spring v5.2.1.RELEASE
2019-12-17 13:59:45 [restartedMain] INFO  c.s.app.SecurityDemoApplication - No active profile set, falling back to default profiles: default
2019-12-17 13:59:46 [restartedMain] INFO  c.security.app.config.SecurityConfig - inside AuthenticationManagerBuilder
2019-12-17 13:59:46 [restartedMain] INFO  c.security.app.config.SecurityConfig - inside DaoAuthenticationProvider
2019-12-17 13:59:47 [restartedMain] INFO  c.s.app.SecurityDemoApplication - Started SecurityDemoApplication in 2.025 seconds (JVM running for 118.932)
2019-12-17 13:59:55 [http-nio-8080-exec-5] INFO  c.s.app.controller.LoginController - In controller with Sign up
2019-12-17 14:00:04 [http-nio-8080-exec-8] INFO  c.s.app.controller.LoginController - Value Has Been Taken From User
2019-12-17 14:00:04 [http-nio-8080-exec-8] INFO  c.s.app.controller.LoginController - password doesn't get match
2019-12-17 14:00:50 [http-nio-8080-exec-6] INFO  c.s.app.controller.LoginController - In controller with url /loginFailed
2019-12-17 14:06:06 [restartedMain] INFO  c.s.app.SecurityDemoApplication - Starting SecurityDemoApplication on DML-05823 with PID 28148 (D:\Eclipse\SecurityDemoWithJsp\target\classes started by jvaibhavbalu in D:\Eclipse\SecurityDemoWithJsp)
2019-12-17 14:06:06 [restartedMain] DEBUG c.s.app.SecurityDemoApplication - Running with Spring Boot v2.2.1.RELEASE, Spring v5.2.1.RELEASE
2019-12-17 14:06:06 [restartedMain] INFO  c.s.app.SecurityDemoApplication - No active profile set, falling back to default profiles: default
2019-12-17 14:06:09 [restartedMain] INFO  c.security.app.config.SecurityConfig - inside AuthenticationManagerBuilder
2019-12-17 14:06:09 [restartedMain] INFO  c.security.app.config.SecurityConfig - inside DaoAuthenticationProvider
2019-12-17 14:06:10 [restartedMain] INFO  c.s.app.SecurityDemoApplication - Started SecurityDemoApplication in 4.044 seconds (JVM running for 501.747)
2019-12-17 14:06:28 [http-nio-8080-exec-4] INFO  c.s.app.controller.LoginController - In controller with Sign up
2019-12-17 14:06:41 [http-nio-8080-exec-7] INFO  c.s.app.controller.LoginController - Value Has Been Taken From User
2019-12-17 14:06:41 [http-nio-8080-exec-7] INFO  c.s.app.controller.LoginController - password doesn't get match
2019-12-17 14:06:55 [restartedMain] INFO  c.s.app.SecurityDemoApplication - Starting SecurityDemoApplication on DML-05823 with PID 28148 (D:\Eclipse\SecurityDemoWithJsp\target\classes started by jvaibhavbalu in D:\Eclipse\SecurityDemoWithJsp)
2019-12-17 14:06:55 [restartedMain] DEBUG c.s.app.SecurityDemoApplication - Running with Spring Boot v2.2.1.RELEASE, Spring v5.2.1.RELEASE
2019-12-17 14:06:55 [restartedMain] INFO  c.s.app.SecurityDemoApplication - No active profile set, falling back to default profiles: default
2019-12-17 14:06:56 [restartedMain] INFO  c.security.app.config.SecurityConfig - inside AuthenticationManagerBuilder
2019-12-17 14:06:56 [restartedMain] INFO  c.security.app.config.SecurityConfig - inside DaoAuthenticationProvider
2019-12-17 14:06:56 [restartedMain] INFO  c.s.app.SecurityDemoApplication - Started SecurityDemoApplication in 1.725 seconds (JVM running for 548.649)
2019-12-17 14:07:12 [http-nio-8080-exec-8] INFO  c.s.app.controller.LoginController - In controller with Sign up
2019-12-17 14:08:12 [http-nio-8080-exec-7] INFO  c.s.app.controller.LoginController - In controller with Sign up
2019-12-17 14:11:22 [http-nio-8080-exec-6] INFO  c.s.app.controller.LoginController - In controller with Sign up
2019-12-17 14:14:13 [http-nio-8080-exec-3] INFO  c.s.app.controller.LoginController - In controller with Sign up
2019-12-17 14:19:56 [restartedMain] INFO  c.s.app.SecurityDemoApplication - Starting SecurityDemoApplication on DML-05823 with PID 29004 (D:\Eclipse\SecurityDemoWithJsp\target\classes started by jvaibhavbalu in D:\Eclipse\SecurityDemoWithJsp)
2019-12-17 14:19:56 [restartedMain] DEBUG c.s.app.SecurityDemoApplication - Running with Spring Boot v2.2.1.RELEASE, Spring v5.2.1.RELEASE
2019-12-17 14:19:56 [restartedMain] INFO  c.s.app.SecurityDemoApplication - No active profile set, falling back to default profiles: default
2019-12-17 14:20:07 [restartedMain] INFO  c.security.app.config.SecurityConfig - inside AuthenticationManagerBuilder
2019-12-17 14:20:07 [restartedMain] INFO  c.security.app.config.SecurityConfig - inside DaoAuthenticationProvider
2019-12-17 14:20:08 [restartedMain] INFO  c.s.app.SecurityDemoApplication - Started SecurityDemoApplication in 13.395 seconds (JVM running for 14.64)
2019-12-17 14:20:16 [http-nio-8080-exec-1] INFO  c.s.app.controller.LoginController - In controller with Sign up
2019-12-17 14:20:59 [http-nio-8080-exec-7] INFO  c.s.app.controller.LoginController - In controller with Sign up
2019-12-17 14:21:00 [http-nio-8080-exec-8] INFO  c.s.app.controller.LoginController - In controller with Sign up
2019-12-17 14:23:48 [restartedMain] INFO  c.s.app.SecurityDemoApplication - Starting SecurityDemoApplication on DML-05823 with PID 29004 (D:\Eclipse\SecurityDemoWithJsp\target\classes started by jvaibhavbalu in D:\Eclipse\SecurityDemoWithJsp)
2019-12-17 14:23:48 [restartedMain] DEBUG c.s.app.SecurityDemoApplication - Running with Spring Boot v2.2.1.RELEASE, Spring v5.2.1.RELEASE
2019-12-17 14:23:48 [restartedMain] INFO  c.s.app.SecurityDemoApplication - No active profile set, falling back to default profiles: default
2019-12-17 14:23:50 [restartedMain] INFO  c.security.app.config.SecurityConfig - inside AuthenticationManagerBuilder
2019-12-17 14:23:50 [restartedMain] INFO  c.security.app.config.SecurityConfig - inside DaoAuthenticationProvider
2019-12-17 14:23:50 [restartedMain] INFO  c.s.app.SecurityDemoApplication - Started SecurityDemoApplication in 2.226 seconds (JVM running for 236.381)
2019-12-17 14:24:01 [http-nio-8080-exec-4] INFO  c.s.app.controller.LoginController - In controller with Sign up
2019-12-17 14:25:21 [restartedMain] INFO  c.s.app.SecurityDemoApplication - Starting SecurityDemoApplication on DML-05823 with PID 29004 (D:\Eclipse\SecurityDemoWithJsp\target\classes started by jvaibhavbalu in D:\Eclipse\SecurityDemoWithJsp)
2019-12-17 14:25:21 [restartedMain] DEBUG c.s.app.SecurityDemoApplication - Running with Spring Boot v2.2.1.RELEASE, Spring v5.2.1.RELEASE
2019-12-17 14:25:21 [restartedMain] INFO  c.s.app.SecurityDemoApplication - No active profile set, falling back to default profiles: default
2019-12-17 14:25:23 [restartedMain] INFO  c.security.app.config.SecurityConfig - inside AuthenticationManagerBuilder
2019-12-17 14:25:23 [restartedMain] INFO  c.security.app.config.SecurityConfig - inside DaoAuthenticationProvider
2019-12-17 14:25:23 [restartedMain] INFO  c.s.app.SecurityDemoApplication - Started SecurityDemoApplication in 2.686 seconds (JVM running for 329.758)
2019-12-17 14:25:31 [http-nio-8080-exec-4] INFO  c.s.app.controller.LoginController - In controller with Sign up
2019-12-17 14:25:54 [http-nio-8080-exec-8] INFO  c.s.app.controller.LoginController - wdfghjkmbghu
2019-12-17 14:26:23 [restartedMain] INFO  c.s.app.SecurityDemoApplication - Starting SecurityDemoApplication on DML-05823 with PID 29004 (D:\Eclipse\SecurityDemoWithJsp\target\classes started by jvaibhavbalu in D:\Eclipse\SecurityDemoWithJsp)
2019-12-17 14:26:23 [restartedMain] DEBUG c.s.app.SecurityDemoApplication - Running with Spring Boot v2.2.1.RELEASE, Spring v5.2.1.RELEASE
2019-12-17 14:26:23 [restartedMain] INFO  c.s.app.SecurityDemoApplication - No active profile set, falling back to default profiles: default
2019-12-17 14:26:24 [restartedMain] INFO  c.security.app.config.SecurityConfig - inside AuthenticationManagerBuilder
2019-12-17 14:26:24 [restartedMain] INFO  c.security.app.config.SecurityConfig - inside DaoAuthenticationProvider
2019-12-17 14:26:25 [restartedMain] INFO  c.s.app.SecurityDemoApplication - Started SecurityDemoApplication in 2.067 seconds (JVM running for 391.114)
2019-12-17 14:26:28 [http-nio-8080-exec-1] INFO  c.s.app.controller.LoginController - In controller with Sign up
2019-12-17 14:26:30 [http-nio-8080-exec-2] INFO  c.s.app.controller.LoginController - In controller with Sign up
2019-12-17 14:26:38 [http-nio-8080-exec-4] INFO  c.s.app.controller.LoginController - Value Has Been Taken From User
2019-12-17 14:26:38 [http-nio-8080-exec-4] INFO  c.s.app.controller.LoginController - password doesn't get match
2019-12-17 14:26:59 [restartedMain] INFO  c.s.app.SecurityDemoApplication - Starting SecurityDemoApplication on DML-05823 with PID 29004 (D:\Eclipse\SecurityDemoWithJsp\target\classes started by jvaibhavbalu in D:\Eclipse\SecurityDemoWithJsp)
2019-12-17 14:26:59 [restartedMain] DEBUG c.s.app.SecurityDemoApplication - Running with Spring Boot v2.2.1.RELEASE, Spring v5.2.1.RELEASE
2019-12-17 14:26:59 [restartedMain] INFO  c.s.app.SecurityDemoApplication - No active profile set, falling back to default profiles: default
2019-12-17 14:27:00 [restartedMain] INFO  c.security.app.config.SecurityConfig - inside AuthenticationManagerBuilder
2019-12-17 14:27:00 [restartedMain] INFO  c.security.app.config.SecurityConfig - inside DaoAuthenticationProvider
2019-12-17 14:27:01 [restartedMain] INFO  c.s.app.SecurityDemoApplication - Started SecurityDemoApplication in 1.782 seconds (JVM running for 427.024)
2019-12-17 14:28:07 [restartedMain] INFO  c.s.app.SecurityDemoApplication - Starting SecurityDemoApplication on DML-05823 with PID 29004 (D:\Eclipse\SecurityDemoWithJsp\target\classes started by jvaibhavbalu in D:\Eclipse\SecurityDemoWithJsp)
2019-12-17 14:28:07 [restartedMain] DEBUG c.s.app.SecurityDemoApplication - Running with Spring Boot v2.2.1.RELEASE, Spring v5.2.1.RELEASE
2019-12-17 14:28:07 [restartedMain] INFO  c.s.app.SecurityDemoApplication - No active profile set, falling back to default profiles: default
2019-12-17 14:28:08 [restartedMain] INFO  c.security.app.config.SecurityConfig - inside AuthenticationManagerBuilder
2019-12-17 14:28:08 [restartedMain] INFO  c.security.app.config.SecurityConfig - inside DaoAuthenticationProvider
2019-12-17 14:28:08 [restartedMain] INFO  c.s.app.SecurityDemoApplication - Started SecurityDemoApplication in 1.389 seconds (JVM running for 494.695)
2019-12-17 14:28:13 [restartedMain] INFO  c.s.app.SecurityDemoApplication - Starting SecurityDemoApplication on DML-05823 with PID 29004 (D:\Eclipse\SecurityDemoWithJsp\target\classes started by jvaibhavbalu in D:\Eclipse\SecurityDemoWithJsp)
2019-12-17 14:28:13 [restartedMain] DEBUG c.s.app.SecurityDemoApplication - Running with Spring Boot v2.2.1.RELEASE, Spring v5.2.1.RELEASE
2019-12-17 14:28:13 [restartedMain] INFO  c.s.app.SecurityDemoApplication - No active profile set, falling back to default profiles: default
2019-12-17 14:28:14 [restartedMain] INFO  c.security.app.config.SecurityConfig - inside AuthenticationManagerBuilder
2019-12-17 14:28:14 [restartedMain] INFO  c.security.app.config.SecurityConfig - inside DaoAuthenticationProvider
2019-12-17 14:28:14 [restartedMain] INFO  c.s.app.SecurityDemoApplication - Started SecurityDemoApplication in 1.338 seconds (JVM running for 500.863)
2019-12-17 14:28:30 [http-nio-8080-exec-2] INFO  c.s.app.controller.LoginController - In controller with Sign up
2019-12-17 15:06:37 [restartedMain] INFO  c.s.app.SecurityDemoApplication - Starting SecurityDemoApplication on DML-05823 with PID 29160 (D:\Eclipse\SecurityDemoWithJsp\target\classes started by jvaibhavbalu in D:\Eclipse\SecurityDemoWithJsp)
2019-12-17 15:06:37 [restartedMain] DEBUG c.s.app.SecurityDemoApplication - Running with Spring Boot v2.2.1.RELEASE, Spring v5.2.1.RELEASE
2019-12-17 15:06:37 [restartedMain] INFO  c.s.app.SecurityDemoApplication - No active profile set, falling back to default profiles: default
2019-12-17 15:06:46 [restartedMain] INFO  c.security.app.config.SecurityConfig - inside AuthenticationManagerBuilder
2019-12-17 15:06:46 [restartedMain] INFO  c.security.app.config.SecurityConfig - inside DaoAuthenticationProvider
2019-12-17 15:06:50 [restartedMain] INFO  c.s.app.SecurityDemoApplication - Started SecurityDemoApplication in 14.253 seconds (JVM running for 15.44)
2019-12-17 15:07:17 [http-nio-8080-exec-4] INFO  c.s.app.controller.LoginController - In controller with Sign up
2019-12-17 15:22:01 [restartedMain] INFO  c.s.app.SecurityDemoApplication - Starting SecurityDemoApplication on DML-05823 with PID 11632 (D:\Eclipse\SecurityDemoWithJsp\target\classes started by jvaibhavbalu in D:\Eclipse\SecurityDemoWithJsp)
2019-12-17 15:22:01 [restartedMain] DEBUG c.s.app.SecurityDemoApplication - Running with Spring Boot v2.2.1.RELEASE, Spring v5.2.1.RELEASE
2019-12-17 15:22:01 [restartedMain] INFO  c.s.app.SecurityDemoApplication - No active profile set, falling back to default profiles: default
2019-12-17 15:22:11 [restartedMain] INFO  c.security.app.config.SecurityConfig - inside AuthenticationManagerBuilder
2019-12-17 15:22:11 [restartedMain] INFO  c.security.app.config.SecurityConfig - inside DaoAuthenticationProvider
2019-12-17 15:22:12 [restartedMain] INFO  c.s.app.SecurityDemoApplication - Started SecurityDemoApplication in 11.943 seconds (JVM running for 13.146)
2019-12-17 15:22:23 [http-nio-8080-exec-1] INFO  c.s.app.controller.LoginController - In controller with Sign up
2019-12-17 15:22:55 [http-nio-8080-exec-2] INFO  c.s.app.controller.LoginController - Value Has Been Taken From User
2019-12-17 15:22:55 [http-nio-8080-exec-2] INFO  c.s.app.controller.LoginController - password doesn't get match
2019-12-17 15:29:17 [http-nio-8080-exec-10] INFO  c.s.app.controller.LoginController - In controller with Sign up
2019-12-17 15:29:18 [http-nio-8080-exec-1] INFO  c.s.app.controller.LoginController - In controller with Sign up
2019-12-17 15:52:35 [restartedMain] INFO  c.s.app.SecurityDemoApplication - Starting SecurityDemoApplication on DML-05823 with PID 10940 (D:\Eclipse\SecurityDemoWithJsp\target\classes started by jvaibhavbalu in D:\Eclipse\SecurityDemoWithJsp)
2019-12-17 15:52:35 [restartedMain] DEBUG c.s.app.SecurityDemoApplication - Running with Spring Boot v2.2.1.RELEASE, Spring v5.2.1.RELEASE
2019-12-17 15:52:35 [restartedMain] INFO  c.s.app.SecurityDemoApplication - No active profile set, falling back to default profiles: default
2019-12-17 15:52:44 [restartedMain] INFO  c.security.app.config.SecurityConfig - inside AuthenticationManagerBuilder
2019-12-17 15:52:44 [restartedMain] INFO  c.security.app.config.SecurityConfig - inside DaoAuthenticationProvider
2019-12-17 15:52:46 [restartedMain] INFO  c.s.app.SecurityDemoApplication - Started SecurityDemoApplication in 11.853 seconds (JVM running for 13.295)
2019-12-17 15:52:56 [http-nio-8080-exec-3] INFO  c.s.app.controller.LoginController - In controller with Sign up
2019-12-17 15:55:40 [restartedMain] INFO  c.s.app.SecurityDemoApplication - Starting SecurityDemoApplication on DML-05823 with PID 11180 (D:\Eclipse\SecurityDemoWithJsp\target\classes started by jvaibhavbalu in D:\Eclipse\SecurityDemoWithJsp)
2019-12-17 15:55:40 [restartedMain] DEBUG c.s.app.SecurityDemoApplication - Running with Spring Boot v2.2.1.RELEASE, Spring v5.2.1.RELEASE
2019-12-17 15:55:40 [restartedMain] INFO  c.s.app.SecurityDemoApplication - No active profile set, falling back to default profiles: default
2019-12-17 15:55:48 [restartedMain] INFO  c.security.app.config.SecurityConfig - inside AuthenticationManagerBuilder
2019-12-17 15:55:48 [restartedMain] INFO  c.security.app.config.SecurityConfig - inside DaoAuthenticationProvider
2019-12-17 15:55:50 [restartedMain] INFO  c.s.app.SecurityDemoApplication - Started SecurityDemoApplication in 10.018 seconds (JVM running for 10.985)
2019-12-17 15:55:57 [http-nio-8080-exec-1] INFO  c.s.app.controller.LoginController - In controller with Sign up
2019-12-17 15:56:00 [http-nio-8080-exec-2] INFO  c.s.app.controller.LoginController - In controller with Sign up
2019-12-17 15:56:38 [http-nio-8080-exec-8] INFO  c.s.app.controller.LoginController - In controller with Sign up
2019-12-17 15:56:40 [http-nio-8080-exec-9] INFO  c.s.app.controller.LoginController - In controller with Sign up
2019-12-17 16:00:11 [http-nio-8080-exec-5] INFO  c.s.app.controller.LoginController - In controller with Sign up
2019-12-17 16:00:14 [http-nio-8080-exec-7] INFO  c.s.app.controller.LoginController - In controller with Sign up
2019-12-17 16:06:12 [restartedMain] INFO  c.s.app.SecurityDemoApplication - Starting SecurityDemoApplication on DML-05823 with PID 11180 (D:\Eclipse\SecurityDemoWithJsp\target\classes started by jvaibhavbalu in D:\Eclipse\SecurityDemoWithJsp)
2019-12-17 16:06:12 [restartedMain] DEBUG c.s.app.SecurityDemoApplication - Running with Spring Boot v2.2.1.RELEASE, Spring v5.2.1.RELEASE
2019-12-17 16:06:12 [restartedMain] INFO  c.s.app.SecurityDemoApplication - No active profile set, falling back to default profiles: default
2019-12-17 16:06:15 [restartedMain] INFO  c.security.app.config.SecurityConfig - inside AuthenticationManagerBuilder
2019-12-17 16:06:15 [restartedMain] INFO  c.security.app.config.SecurityConfig - inside DaoAuthenticationProvider
2019-12-17 16:06:15 [restartedMain] INFO  c.s.app.SecurityDemoApplication - Started SecurityDemoApplication in 2.987 seconds (JVM running for 636.212)
2019-12-17 16:30:16 [restartedMain] INFO  c.s.app.SecurityDemoApplication - Starting SecurityDemoApplication on DML-05823 with PID 4100 (D:\Eclipse\SecurityDemoWithJsp\target\classes started by jvaibhavbalu in D:\Eclipse\SecurityDemoWithJsp)
2019-12-17 16:30:16 [restartedMain] DEBUG c.s.app.SecurityDemoApplication - Running with Spring Boot v2.2.1.RELEASE, Spring v5.2.1.RELEASE
2019-12-17 16:30:16 [restartedMain] INFO  c.s.app.SecurityDemoApplication - No active profile set, falling back to default profiles: default
2019-12-17 16:30:26 [restartedMain] INFO  c.security.app.config.SecurityConfig - inside AuthenticationManagerBuilder
2019-12-17 16:30:26 [restartedMain] INFO  c.security.app.config.SecurityConfig - inside DaoAuthenticationProvider
2019-12-17 16:30:28 [restartedMain] INFO  c.s.app.SecurityDemoApplication - Started SecurityDemoApplication in 12.054 seconds (JVM running for 13.065)
2019-12-17 16:30:44 [http-nio-8080-exec-4] INFO  c.s.app.controller.LoginController - In controller with Sign up
2019-12-17 16:32:49 [restartedMain] INFO  c.s.app.SecurityDemoApplication - Starting SecurityDemoApplication on DML-05823 with PID 4100 (D:\Eclipse\SecurityDemoWithJsp\target\classes started by jvaibhavbalu in D:\Eclipse\SecurityDemoWithJsp)
2019-12-17 16:32:49 [restartedMain] DEBUG c.s.app.SecurityDemoApplication - Running with Spring Boot v2.2.1.RELEASE, Spring v5.2.1.RELEASE
2019-12-17 16:32:49 [restartedMain] INFO  c.s.app.SecurityDemoApplication - No active profile set, falling back to default profiles: default
2019-12-17 16:32:51 [restartedMain] INFO  c.security.app.config.SecurityConfig - inside AuthenticationManagerBuilder
2019-12-17 16:32:51 [restartedMain] INFO  c.security.app.config.SecurityConfig - inside DaoAuthenticationProvider
2019-12-17 16:32:51 [restartedMain] INFO  c.s.app.SecurityDemoApplication - Started SecurityDemoApplication in 2.573 seconds (JVM running for 156.814)
2019-12-17 16:33:02 [http-nio-8080-exec-6] INFO  c.s.app.controller.LoginController - In controller with Sign up
2019-12-17 16:34:04 [restartedMain] INFO  c.s.app.SecurityDemoApplication - Starting SecurityDemoApplication on DML-05823 with PID 6228 (D:\Eclipse\SecurityDemoWithJsp\target\classes started by jvaibhavbalu in D:\Eclipse\SecurityDemoWithJsp)
2019-12-17 16:34:04 [restartedMain] DEBUG c.s.app.SecurityDemoApplication - Running with Spring Boot v2.2.1.RELEASE, Spring v5.2.1.RELEASE
2019-12-17 16:34:04 [restartedMain] INFO  c.s.app.SecurityDemoApplication - No active profile set, falling back to default profiles: default
2019-12-17 16:34:14 [restartedMain] INFO  c.security.app.config.SecurityConfig - inside AuthenticationManagerBuilder
2019-12-17 16:34:14 [restartedMain] INFO  c.security.app.config.SecurityConfig - inside DaoAuthenticationProvider
2019-12-17 16:34:15 [restartedMain] INFO  c.s.app.SecurityDemoApplication - Started SecurityDemoApplication in 11.608 seconds (JVM running for 12.542)
2019-12-17 16:34:25 [http-nio-8080-exec-5] INFO  c.s.app.controller.LoginController - In controller with Sign up
2019-12-17 16:34:38 [http-nio-8080-exec-8] INFO  c.s.app.controller.LoginController - Value Has Been Taken From User
2019-12-17 16:34:38 [http-nio-8080-exec-8] INFO  c.s.app.controller.LoginController - password doesn't get match
2019-12-17 16:37:10 [restartedMain] INFO  c.s.app.SecurityDemoApplication - Starting SecurityDemoApplication on DML-05823 with PID 7748 (D:\Eclipse\SecurityDemoWithJsp\target\classes started by jvaibhavbalu in D:\Eclipse\SecurityDemoWithJsp)
2019-12-17 16:37:10 [restartedMain] DEBUG c.s.app.SecurityDemoApplication - Running with Spring Boot v2.2.1.RELEASE, Spring v5.2.1.RELEASE
2019-12-17 16:37:10 [restartedMain] INFO  c.s.app.SecurityDemoApplication - No active profile set, falling back to default profiles: default
2019-12-17 16:37:20 [restartedMain] INFO  c.security.app.config.SecurityConfig - inside AuthenticationManagerBuilder
2019-12-17 16:37:20 [restartedMain] INFO  c.security.app.config.SecurityConfig - inside DaoAuthenticationProvider
2019-12-17 16:37:22 [restartedMain] INFO  c.s.app.SecurityDemoApplication - Started SecurityDemoApplication in 12.417 seconds (JVM running for 13.603)
2019-12-17 16:37:48 [http-nio-8080-exec-7] INFO  c.s.app.controller.LoginController - In controller with Sign up
2019-12-17 16:38:33 [restartedMain] INFO  c.s.app.SecurityDemoApplication - Starting SecurityDemoApplication on DML-05823 with PID 7748 (D:\Eclipse\SecurityDemoWithJsp\target\classes started by jvaibhavbalu in D:\Eclipse\SecurityDemoWithJsp)
2019-12-17 16:38:33 [restartedMain] DEBUG c.s.app.SecurityDemoApplication - Running with Spring Boot v2.2.1.RELEASE, Spring v5.2.1.RELEASE
2019-12-17 16:38:33 [restartedMain] INFO  c.s.app.SecurityDemoApplication - No active profile set, falling back to default profiles: default
2019-12-17 16:38:36 [restartedMain] INFO  c.security.app.config.SecurityConfig - inside AuthenticationManagerBuilder
2019-12-17 16:38:36 [restartedMain] INFO  c.security.app.config.SecurityConfig - inside DaoAuthenticationProvider
2019-12-17 16:38:36 [restartedMain] INFO  c.s.app.SecurityDemoApplication - Started SecurityDemoApplication in 3.241 seconds (JVM running for 87.547)
2019-12-17 16:38:44 [http-nio-8080-exec-7] INFO  c.s.app.controller.LoginController - In controller with Sign up
2019-12-17 16:59:53 [restartedMain] INFO  c.s.app.SecurityDemoApplication - Starting SecurityDemoApplication on DML-05823 with PID 28104 (D:\Eclipse\SecurityDemoWithJsp\target\classes started by jvaibhavbalu in D:\Eclipse\SecurityDemoWithJsp)
2019-12-17 16:59:53 [restartedMain] DEBUG c.s.app.SecurityDemoApplication - Running with Spring Boot v2.2.1.RELEASE, Spring v5.2.1.RELEASE
2019-12-17 16:59:53 [restartedMain] INFO  c.s.app.SecurityDemoApplication - No active profile set, falling back to default profiles: default
2019-12-17 17:00:02 [restartedMain] INFO  c.security.app.config.SecurityConfig - inside AuthenticationManagerBuilder
2019-12-17 17:00:02 [restartedMain] INFO  c.security.app.config.SecurityConfig - inside DaoAuthenticationProvider
2019-12-17 17:00:04 [restartedMain] INFO  c.s.app.SecurityDemoApplication - Started SecurityDemoApplication in 11.356 seconds (JVM running for 12.477)
2019-12-17 17:00:19 [http-nio-8080-exec-3] INFO  c.s.app.controller.LoginController - In controller with Sign up
2019-12-17 17:01:01 [restartedMain] INFO  c.s.app.SecurityDemoApplication - Starting SecurityDemoApplication on DML-05823 with PID 14932 (D:\Eclipse\SecurityDemoWithJsp\target\classes started by jvaibhavbalu in D:\Eclipse\SecurityDemoWithJsp)
2019-12-17 17:01:01 [restartedMain] DEBUG c.s.app.SecurityDemoApplication - Running with Spring Boot v2.2.1.RELEASE, Spring v5.2.1.RELEASE
2019-12-17 17:01:01 [restartedMain] INFO  c.s.app.SecurityDemoApplication - No active profile set, falling back to default profiles: default
2019-12-17 17:01:09 [restartedMain] INFO  c.security.app.config.SecurityConfig - inside AuthenticationManagerBuilder
2019-12-17 17:01:09 [restartedMain] INFO  c.security.app.config.SecurityConfig - inside DaoAuthenticationProvider
2019-12-17 17:01:11 [restartedMain] INFO  c.s.app.SecurityDemoApplication - Started SecurityDemoApplication in 10.332 seconds (JVM running for 12.119)
2019-12-17 17:01:19 [http-nio-8080-exec-3] INFO  c.s.app.controller.LoginController - In controller with Sign up
2019-12-17 17:03:44 [restartedMain] INFO  c.s.app.SecurityDemoApplication - Starting SecurityDemoApplication on DML-05823 with PID 19396 (D:\Eclipse\SecurityDemoWithJsp\target\classes started by jvaibhavbalu in D:\Eclipse\SecurityDemoWithJsp)
2019-12-17 17:03:44 [restartedMain] DEBUG c.s.app.SecurityDemoApplication - Running with Spring Boot v2.2.1.RELEASE, Spring v5.2.1.RELEASE
2019-12-17 17:03:44 [restartedMain] INFO  c.s.app.SecurityDemoApplication - No active profile set, falling back to default profiles: default
2019-12-17 17:03:53 [restartedMain] INFO  c.security.app.config.SecurityConfig - inside AuthenticationManagerBuilder
2019-12-17 17:03:53 [restartedMain] INFO  c.security.app.config.SecurityConfig - inside DaoAuthenticationProvider
2019-12-17 17:03:54 [restartedMain] INFO  c.s.app.SecurityDemoApplication - Started SecurityDemoApplication in 11.088 seconds (JVM running for 12.687)
2019-12-17 17:04:08 [http-nio-8080-exec-4] INFO  c.s.app.controller.LoginController - In controller with Sign up
2019-12-17 17:19:04 [restartedMain] INFO  c.s.app.SecurityDemoApplication - Starting SecurityDemoApplication on DML-05823 with PID 23316 (D:\Eclipse\SecurityDemoWithJsp\target\classes started by jvaibhavbalu in D:\Eclipse\SecurityDemoWithJsp)
2019-12-17 17:19:04 [restartedMain] DEBUG c.s.app.SecurityDemoApplication - Running with Spring Boot v2.2.1.RELEASE, Spring v5.2.1.RELEASE
2019-12-17 17:19:04 [restartedMain] INFO  c.s.app.SecurityDemoApplication - No active profile set, falling back to default profiles: default
2019-12-17 17:19:13 [restartedMain] INFO  c.security.app.config.SecurityConfig - inside AuthenticationManagerBuilder
2019-12-17 17:19:13 [restartedMain] INFO  c.security.app.config.SecurityConfig - inside DaoAuthenticationProvider
2019-12-17 17:19:15 [restartedMain] INFO  c.s.app.SecurityDemoApplication - Started SecurityDemoApplication in 11.787 seconds (JVM running for 13.325)
2019-12-17 17:19:26 [http-nio-8080-exec-3] INFO  c.s.app.controller.LoginController - In controller with Sign up
