2019-12-23 11:40:57 [restartedMain] INFO  c.s.app.SecurityDemoApplication - Starting SecurityDemoApplication on DML-05823 with PID 13692 (D:\Eclipse\SecurityDemoWithJspUnitTesting\target\classes started by jvaibhavbalu in D:\Eclipse\SecurityDemoWithJspUnitTesting)
2019-12-23 11:40:57 [restartedMain] DEBUG c.s.app.SecurityDemoApplication - Running with Spring Boot v2.2.1.RELEASE, Spring v5.2.1.RELEASE
2019-12-23 11:40:57 [restartedMain] INFO  c.s.app.SecurityDemoApplication - No active profile set, falling back to default profiles: default
2019-12-23 11:41:08 [restartedMain] INFO  c.security.app.config.SecurityConfig - inside AuthenticationManagerBuilder
2019-12-23 11:41:08 [restartedMain] INFO  c.security.app.config.SecurityConfig - inside DaoAuthenticationProvider
2019-12-23 11:41:09 [restartedMain] INFO  c.s.app.SecurityDemoApplication - Started SecurityDemoApplication in 13.427 seconds (JVM running for 15.862)
2019-12-23 11:41:22 [http-nio-8080-exec-3] INFO  c.s.app.controller.LoginController - In controller with Sign up
2019-12-23 11:41:49 [http-nio-8080-exec-5] INFO  c.s.app.controller.LoginController - Value Has Been Taken From User
2019-12-23 11:41:58 [http-nio-8080-exec-5] INFO  c.s.app.controller.LoginController - Values Has Been Get set
2019-12-23 11:42:11 [http-nio-8080-exec-8] INFO  c.s.app.controller.LoginController - In /login controller
2019-12-23 11:42:12 [http-nio-8080-exec-10] INFO  c.s.app.controller.LoginController - In controller with Sign up
2019-12-23 11:47:52 [main] INFO  c.s.app.SecurityDemoApplicationTests - Starting SecurityDemoApplicationTests on DML-05823 with PID 15804 (started by jvaibhavbalu in D:\Eclipse\SecurityDemoWithJspUnitTesting)
2019-12-23 11:47:52 [main] DEBUG c.s.app.SecurityDemoApplicationTests - Running with Spring Boot v2.2.1.RELEASE, Spring v5.2.1.RELEASE
2019-12-23 11:47:52 [main] INFO  c.s.app.SecurityDemoApplicationTests - No active profile set, falling back to default profiles: default
2019-12-23 11:48:36 [main] INFO  c.s.app.SecurityDemoApplicationTests - Starting SecurityDemoApplicationTests on DML-05823 with PID 15872 (started by jvaibhavbalu in D:\Eclipse\SecurityDemoWithJspUnitTesting)
2019-12-23 11:48:36 [main] DEBUG c.s.app.SecurityDemoApplicationTests - Running with Spring Boot v2.2.1.RELEASE, Spring v5.2.1.RELEASE
2019-12-23 11:48:36 [main] INFO  c.s.app.SecurityDemoApplicationTests - No active profile set, falling back to default profiles: default
2019-12-23 11:50:18 [main] INFO  c.s.app.SecurityDemoApplicationTests - Starting SecurityDemoApplicationTests on DML-05823 with PID 13568 (started by jvaibhavbalu in D:\Eclipse\SecurityDemoWithJspUnitTesting)
2019-12-23 11:50:18 [main] DEBUG c.s.app.SecurityDemoApplicationTests - Running with Spring Boot v2.2.1.RELEASE, Spring v5.2.1.RELEASE
2019-12-23 11:50:18 [main] INFO  c.s.app.SecurityDemoApplicationTests - No active profile set, falling back to default profiles: default
2019-12-23 11:50:24 [main] INFO  c.security.app.config.SecurityConfig - inside AuthenticationManagerBuilder
2019-12-23 11:50:24 [main] INFO  c.security.app.config.SecurityConfig - inside DaoAuthenticationProvider
2019-12-23 11:50:26 [main] INFO  c.s.app.SecurityDemoApplicationTests - Started SecurityDemoApplicationTests in 9.082 seconds (JVM running for 11.412)
2019-12-23 11:56:07 [main] INFO  c.s.app.SecurityDemoApplicationTests - Starting SecurityDemoApplicationTests on DML-05823 with PID 3728 (started by jvaibhavbalu in D:\Eclipse\SecurityDemoWithJspUnitTesting)
2019-12-23 11:56:07 [main] DEBUG c.s.app.SecurityDemoApplicationTests - Running with Spring Boot v2.2.1.RELEASE, Spring v5.2.1.RELEASE
2019-12-23 11:56:07 [main] INFO  c.s.app.SecurityDemoApplicationTests - No active profile set, falling back to default profiles: default
2019-12-23 11:56:13 [main] INFO  c.security.app.config.SecurityConfig - inside AuthenticationManagerBuilder
2019-12-23 11:56:13 [main] INFO  c.security.app.config.SecurityConfig - inside DaoAuthenticationProvider
2019-12-23 11:56:15 [main] INFO  c.s.app.SecurityDemoApplicationTests - Started SecurityDemoApplicationTests in 8.74 seconds (JVM running for 11.228)
2019-12-23 11:58:30 [main] INFO  c.s.app.SecurityDemoApplicationTests - Starting SecurityDemoApplicationTests on DML-05823 with PID 9392 (started by jvaibhavbalu in D:\Eclipse\SecurityDemoWithJspUnitTesting)
2019-12-23 11:58:30 [main] DEBUG c.s.app.SecurityDemoApplicationTests - Running with Spring Boot v2.2.1.RELEASE, Spring v5.2.1.RELEASE
2019-12-23 11:58:30 [main] INFO  c.s.app.SecurityDemoApplicationTests - No active profile set, falling back to default profiles: default
2019-12-23 11:58:36 [main] INFO  c.security.app.config.SecurityConfig - inside AuthenticationManagerBuilder
2019-12-23 11:58:36 [main] INFO  c.security.app.config.SecurityConfig - inside DaoAuthenticationProvider
2019-12-23 11:58:39 [main] INFO  c.s.app.SecurityDemoApplicationTests - Started SecurityDemoApplicationTests in 9.542 seconds (JVM running for 11.606)
2019-12-23 12:02:56 [restartedMain] INFO  c.s.app.SecurityDemoApplication - Starting SecurityDemoApplication on DML-05823 with PID 17024 (D:\Eclipse\SecurityDemoWithJspUnitTesting\target\classes started by jvaibhavbalu in D:\Eclipse\SecurityDemoWithJspUnitTesting)
2019-12-23 12:02:56 [restartedMain] DEBUG c.s.app.SecurityDemoApplication - Running with Spring Boot v2.2.1.RELEASE, Spring v5.2.1.RELEASE
2019-12-23 12:02:56 [restartedMain] INFO  c.s.app.SecurityDemoApplication - No active profile set, falling back to default profiles: default
2019-12-23 12:03:09 [restartedMain] INFO  c.security.app.config.SecurityConfig - inside AuthenticationManagerBuilder
2019-12-23 12:03:09 [restartedMain] INFO  c.security.app.config.SecurityConfig - inside DaoAuthenticationProvider
2019-12-23 12:03:10 [restartedMain] INFO  c.s.app.SecurityDemoApplication - Started SecurityDemoApplication in 14.671 seconds (JVM running for 16.26)
2019-12-23 12:03:31 [http-nio-8080-exec-1] INFO  c.s.app.controller.LoginController - In controller with Sign up
2019-12-23 12:03:53 [http-nio-8080-exec-3] INFO  c.s.app.controller.LoginController - Value Has Been Taken From User
2019-12-23 12:03:58 [http-nio-8080-exec-3] INFO  c.s.app.controller.LoginController - Values Has Been Get set
2019-12-23 12:05:29 [http-nio-8080-exec-7] INFO  c.s.app.controller.LoginController - In /login controller
2019-12-23 12:05:31 [http-nio-8080-exec-9] INFO  c.s.app.controller.LoginController - In controller with Sign up
2019-12-23 12:05:56 [http-nio-8080-exec-1] INFO  c.s.app.controller.LoginController - Value Has Been Taken From User
2019-12-23 12:06:00 [http-nio-8080-exec-1] INFO  c.s.app.controller.LoginController - Values Has Been Get set
2019-12-23 12:44:43 [restartedMain] INFO  c.s.app.SecurityDemoApplication - Starting SecurityDemoApplication on DML-05823 with PID 752 (D:\Eclipse\SecurityDemoWithJspUnitTesting\target\classes started by jvaibhavbalu in D:\Eclipse\SecurityDemoWithJspUnitTesting)
2019-12-23 12:44:43 [restartedMain] DEBUG c.s.app.SecurityDemoApplication - Running with Spring Boot v2.2.1.RELEASE, Spring v5.2.1.RELEASE
2019-12-23 12:44:43 [restartedMain] INFO  c.s.app.SecurityDemoApplication - No active profile set, falling back to default profiles: default
2019-12-23 12:44:57 [restartedMain] INFO  c.security.app.config.SecurityConfig - inside AuthenticationManagerBuilder
2019-12-23 12:44:57 [restartedMain] INFO  c.security.app.config.SecurityConfig - inside DaoAuthenticationProvider
2019-12-23 12:44:58 [restartedMain] INFO  c.s.app.SecurityDemoApplication - Started SecurityDemoApplication in 15.924 seconds (JVM running for 17.157)
2019-12-23 12:45:10 [http-nio-8080-exec-3] INFO  c.s.app.controller.LoginController - In controller with Sign up
2019-12-23 12:45:26 [http-nio-8080-exec-5] INFO  c.s.app.controller.LoginController - Value Has Been Taken From User
2019-12-23 12:45:32 [http-nio-8080-exec-5] INFO  c.s.app.controller.LoginController - Values Has Been Get set
2019-12-23 12:46:46 [http-nio-8080-exec-9] INFO  c.s.app.controller.LoginController - In /login controller
2019-12-23 12:46:47 [http-nio-8080-exec-1] INFO  c.s.app.controller.LoginController - In controller with Sign up
2019-12-23 12:47:09 [http-nio-8080-exec-3] INFO  c.s.app.controller.LoginController - Value Has Been Taken From User
2019-12-23 12:47:13 [http-nio-8080-exec-3] INFO  c.s.app.controller.LoginController - Values Has Been Get set
2019-12-23 12:58:23 [restartedMain] INFO  c.s.app.SecurityDemoApplication - Starting SecurityDemoApplication on DML-05823 with PID 3452 (D:\Eclipse\SecurityDemoWithJspUnitTesting\target\classes started by jvaibhavbalu in D:\Eclipse\SecurityDemoWithJspUnitTesting)
2019-12-23 12:58:23 [restartedMain] DEBUG c.s.app.SecurityDemoApplication - Running with Spring Boot v2.2.1.RELEASE, Spring v5.2.1.RELEASE
2019-12-23 12:58:23 [restartedMain] INFO  c.s.app.SecurityDemoApplication - No active profile set, falling back to default profiles: default
2019-12-23 12:58:31 [restartedMain] INFO  c.security.app.config.SecurityConfig - inside AuthenticationManagerBuilder
2019-12-23 12:58:31 [restartedMain] INFO  c.security.app.config.SecurityConfig - inside DaoAuthenticationProvider
2019-12-23 12:58:33 [restartedMain] INFO  c.s.app.SecurityDemoApplication - Started SecurityDemoApplication in 10.034 seconds (JVM running for 11.276)
2019-12-23 12:58:39 [http-nio-8080-exec-1] INFO  c.s.app.controller.LoginController - In /login controller
2019-12-23 12:58:42 [http-nio-8080-exec-3] INFO  c.s.app.controller.LoginController - In controller with Sign up
2019-12-23 12:59:18 [http-nio-8080-exec-5] INFO  c.s.app.controller.LoginController - Value Has Been Taken From User
2019-12-23 12:59:24 [http-nio-8080-exec-5] INFO  c.s.app.controller.LoginController - Values Has Been Get set
2019-12-23 13:05:08 [restartedMain] INFO  c.s.app.SecurityDemoApplication - Starting SecurityDemoApplication on DML-05823 with PID 1632 (D:\Eclipse\SecurityDemoWithJspUnitTesting\target\classes started by jvaibhavbalu in D:\Eclipse\SecurityDemoWithJspUnitTesting)
2019-12-23 13:05:08 [restartedMain] DEBUG c.s.app.SecurityDemoApplication - Running with Spring Boot v2.2.1.RELEASE, Spring v5.2.1.RELEASE
2019-12-23 13:05:08 [restartedMain] INFO  c.s.app.SecurityDemoApplication - No active profile set, falling back to default profiles: default
2019-12-23 13:05:17 [restartedMain] INFO  c.security.app.config.SecurityConfig - inside AuthenticationManagerBuilder
2019-12-23 13:05:17 [restartedMain] INFO  c.security.app.config.SecurityConfig - inside DaoAuthenticationProvider
2019-12-23 13:05:18 [restartedMain] INFO  c.s.app.SecurityDemoApplication - Started SecurityDemoApplication in 11.062 seconds (JVM running for 12.656)
2019-12-23 13:05:27 [http-nio-8080-exec-1] INFO  c.s.app.controller.LoginController - In /login controller
2019-12-23 13:05:30 [http-nio-8080-exec-3] INFO  c.s.app.controller.LoginController - In controller with Sign up
2019-12-23 13:05:48 [http-nio-8080-exec-5] INFO  c.s.app.controller.LoginController - Value Has Been Taken From User
2019-12-23 13:05:54 [http-nio-8080-exec-5] INFO  c.s.app.controller.LoginController - Values Has Been Get set
2019-12-23 13:52:09 [main] INFO  c.s.app.SecurityDemoApplicationTests - Starting SecurityDemoApplicationTests on DML-05823 with PID 13780 (started by jvaibhavbalu in D:\Eclipse\SecurityDemoWithJspUnitTesting)
2019-12-23 13:52:09 [main] DEBUG c.s.app.SecurityDemoApplicationTests - Running with Spring Boot v2.2.1.RELEASE, Spring v5.2.1.RELEASE
2019-12-23 13:52:09 [main] INFO  c.s.app.SecurityDemoApplicationTests - No active profile set, falling back to default profiles: default
2019-12-23 13:52:15 [main] INFO  c.security.app.config.SecurityConfig - inside AuthenticationManagerBuilder
2019-12-23 13:52:15 [main] INFO  c.security.app.config.SecurityConfig - inside DaoAuthenticationProvider
2019-12-23 13:52:17 [main] INFO  c.s.app.SecurityDemoApplicationTests - Started SecurityDemoApplicationTests in 8.92 seconds (JVM running for 11.293)
2019-12-23 13:54:36 [main] INFO  c.s.app.SecurityDemoApplicationTests - Starting SecurityDemoApplicationTests on DML-05823 with PID 16028 (started by jvaibhavbalu in D:\Eclipse\SecurityDemoWithJspUnitTesting)
2019-12-23 13:54:36 [main] DEBUG c.s.app.SecurityDemoApplicationTests - Running with Spring Boot v2.2.1.RELEASE, Spring v5.2.1.RELEASE
2019-12-23 13:54:36 [main] INFO  c.s.app.SecurityDemoApplicationTests - No active profile set, falling back to default profiles: default
2019-12-23 13:55:12 [main] INFO  c.s.app.SecurityDemoApplicationTests - Starting SecurityDemoApplicationTests on DML-05823 with PID 5584 (started by jvaibhavbalu in D:\Eclipse\SecurityDemoWithJspUnitTesting)
2019-12-23 13:55:12 [main] DEBUG c.s.app.SecurityDemoApplicationTests - Running with Spring Boot v2.2.1.RELEASE, Spring v5.2.1.RELEASE
2019-12-23 13:55:12 [main] INFO  c.s.app.SecurityDemoApplicationTests - No active profile set, falling back to default profiles: default
2019-12-23 13:55:18 [main] INFO  c.security.app.config.SecurityConfig - inside AuthenticationManagerBuilder
2019-12-23 13:55:18 [main] INFO  c.security.app.config.SecurityConfig - inside DaoAuthenticationProvider
2019-12-23 13:55:20 [main] INFO  c.s.app.SecurityDemoApplicationTests - Started SecurityDemoApplicationTests in 9.023 seconds (JVM running for 11.731)
2019-12-23 13:57:02 [restartedMain] INFO  c.s.app.SecurityDemoApplication - Starting SecurityDemoApplication on DML-05823 with PID 18368 (D:\Eclipse\SecurityDemoWithJspUnitTesting\target\classes started by jvaibhavbalu in D:\Eclipse\SecurityDemoWithJspUnitTesting)
2019-12-23 13:57:02 [restartedMain] DEBUG c.s.app.SecurityDemoApplication - Running with Spring Boot v2.2.1.RELEASE, Spring v5.2.1.RELEASE
2019-12-23 13:57:02 [restartedMain] INFO  c.s.app.SecurityDemoApplication - No active profile set, falling back to default profiles: default
2019-12-23 13:57:09 [restartedMain] INFO  c.security.app.config.SecurityConfig - inside AuthenticationManagerBuilder
2019-12-23 13:57:09 [restartedMain] INFO  c.security.app.config.SecurityConfig - inside DaoAuthenticationProvider
2019-12-23 13:57:10 [restartedMain] INFO  c.s.app.SecurityDemoApplication - Started SecurityDemoApplication in 9.139 seconds (JVM running for 10.328)
2019-12-23 13:57:19 [http-nio-8080-exec-1] INFO  c.s.app.controller.LoginController - In /login controller
2019-12-23 13:57:21 [http-nio-8080-exec-3] INFO  c.s.app.controller.LoginController - In controller with Sign up
2019-12-23 13:57:44 [http-nio-8080-exec-5] INFO  c.s.app.controller.LoginController - Value Has Been Taken From User
2019-12-23 13:57:56 [http-nio-8080-exec-9] INFO  c.s.app.controller.LoginController - In controller with Sign up
2019-12-23 13:58:30 [http-nio-8080-exec-1] INFO  c.s.app.controller.LoginController - Value Has Been Taken From User
2019-12-23 13:58:36 [http-nio-8080-exec-1] INFO  c.s.app.controller.LoginController - Values Has Been Get set
2019-12-23 14:02:23 [restartedMain] INFO  c.s.app.SecurityDemoApplication - Starting SecurityDemoApplication on DML-05823 with PID 17544 (D:\Eclipse\SecurityDemoWithJspUnitTesting\target\classes started by jvaibhavbalu in D:\Eclipse\SecurityDemoWithJspUnitTesting)
2019-12-23 14:02:23 [restartedMain] DEBUG c.s.app.SecurityDemoApplication - Running with Spring Boot v2.2.1.RELEASE, Spring v5.2.1.RELEASE
2019-12-23 14:02:23 [restartedMain] INFO  c.s.app.SecurityDemoApplication - No active profile set, falling back to default profiles: default
2019-12-23 14:02:35 [restartedMain] INFO  c.security.app.config.SecurityConfig - inside AuthenticationManagerBuilder
2019-12-23 14:02:35 [restartedMain] INFO  c.security.app.config.SecurityConfig - inside DaoAuthenticationProvider
2019-12-23 14:02:36 [restartedMain] INFO  c.s.app.SecurityDemoApplication - Started SecurityDemoApplication in 13.518 seconds (JVM running for 14.77)
2019-12-23 14:03:27 [http-nio-8080-exec-1] INFO  c.s.app.controller.LoginController - In /login controller
2019-12-23 14:03:30 [http-nio-8080-exec-3] INFO  c.s.app.controller.LoginController - In controller with Sign up
2019-12-23 14:03:48 [http-nio-8080-exec-5] INFO  c.s.app.controller.LoginController - Value Has Been Taken From User
2019-12-23 14:03:54 [http-nio-8080-exec-5] INFO  c.s.app.controller.LoginController - Values Has Been Get set
2019-12-23 14:04:27 [http-nio-8080-exec-8] INFO  c.s.app.controller.LoginController - In /login controller
2019-12-23 14:04:29 [http-nio-8080-exec-10] INFO  c.s.app.controller.LoginController - In controller with Sign up
2019-12-23 14:04:49 [http-nio-8080-exec-2] INFO  c.s.app.controller.LoginController - Value Has Been Taken From User
2019-12-23 14:04:55 [http-nio-8080-exec-2] INFO  c.s.app.controller.LoginController - Values Has Been Get set
2019-12-23 14:05:02 [http-nio-8080-exec-5] INFO  c.s.app.controller.LoginController - In /login controller
2019-12-23 14:05:03 [http-nio-8080-exec-7] INFO  c.s.app.controller.LoginController - In controller with Sign up
2019-12-23 14:05:20 [http-nio-8080-exec-9] INFO  c.s.app.controller.LoginController - Value Has Been Taken From User
2019-12-23 14:05:24 [http-nio-8080-exec-9] INFO  c.s.app.controller.LoginController - Values Has Been Get set
2019-12-23 14:18:49 [restartedMain] INFO  c.s.app.SecurityDemoApplication - Starting SecurityDemoApplication on DML-05823 with PID 3828 (D:\Eclipse\SecurityDemoWithJspUnitTesting\target\classes started by jvaibhavbalu in D:\Eclipse\SecurityDemoWithJspUnitTesting)
2019-12-23 14:18:49 [restartedMain] DEBUG c.s.app.SecurityDemoApplication - Running with Spring Boot v2.2.1.RELEASE, Spring v5.2.1.RELEASE
2019-12-23 14:18:49 [restartedMain] INFO  c.s.app.SecurityDemoApplication - No active profile set, falling back to default profiles: default
2019-12-23 14:18:56 [restartedMain] INFO  c.security.app.config.SecurityConfig - inside AuthenticationManagerBuilder
2019-12-23 14:18:56 [restartedMain] INFO  c.security.app.config.SecurityConfig - inside DaoAuthenticationProvider
2019-12-23 14:18:57 [restartedMain] INFO  c.s.app.SecurityDemoApplication - Started SecurityDemoApplication in 8.762 seconds (JVM running for 10.367)
2019-12-23 14:19:04 [http-nio-8080-exec-1] INFO  c.s.app.controller.LoginController - In /login controller
2019-12-23 14:19:17 [http-nio-8080-exec-4] INFO  c.s.app.controller.LoginController - in to the post login controller
2019-12-23 14:22:22 [restartedMain] INFO  c.s.app.SecurityDemoApplication - Starting SecurityDemoApplication on DML-05823 with PID 9800 (D:\Eclipse\SecurityDemoWithJspUnitTesting\target\classes started by jvaibhavbalu in D:\Eclipse\SecurityDemoWithJspUnitTesting)
2019-12-23 14:22:22 [restartedMain] DEBUG c.s.app.SecurityDemoApplication - Running with Spring Boot v2.2.1.RELEASE, Spring v5.2.1.RELEASE
2019-12-23 14:22:22 [restartedMain] INFO  c.s.app.SecurityDemoApplication - No active profile set, falling back to default profiles: default
2019-12-23 14:22:29 [restartedMain] INFO  c.security.app.config.SecurityConfig - inside AuthenticationManagerBuilder
2019-12-23 14:22:29 [restartedMain] INFO  c.security.app.config.SecurityConfig - inside DaoAuthenticationProvider
2019-12-23 14:22:30 [restartedMain] INFO  c.s.app.SecurityDemoApplication - Started SecurityDemoApplication in 9.298 seconds (JVM running for 10.561)
2019-12-23 14:22:50 [http-nio-8080-exec-4] INFO  c.s.app.controller.LoginController - in to the post login controller
2019-12-23 15:03:33 [main] INFO  c.s.app.SecurityDemoApplicationTests - Starting SecurityDemoApplicationTests on DML-05823 with PID 17836 (started by jvaibhavbalu in D:\Eclipse\SecurityDemoWithJspUnitTesting)
2019-12-23 15:03:33 [main] DEBUG c.s.app.SecurityDemoApplicationTests - Running with Spring Boot v2.2.1.RELEASE, Spring v5.2.1.RELEASE
2019-12-23 15:03:33 [main] INFO  c.s.app.SecurityDemoApplicationTests - No active profile set, falling back to default profiles: default
2019-12-23 15:03:40 [main] INFO  c.security.app.config.SecurityConfig - inside AuthenticationManagerBuilder
2019-12-23 15:03:40 [main] INFO  c.security.app.config.SecurityConfig - inside DaoAuthenticationProvider
2019-12-23 15:03:42 [main] INFO  c.s.app.SecurityDemoApplicationTests - Started SecurityDemoApplicationTests in 10.053 seconds (JVM running for 16.144)
2019-12-23 15:13:56 [main] INFO  c.s.app.SecurityDemoApplicationTests - Starting SecurityDemoApplicationTests on DML-05823 with PID 16104 (started by jvaibhavbalu in D:\Eclipse\SecurityDemoWithJspUnitTesting)
2019-12-23 15:13:56 [main] DEBUG c.s.app.SecurityDemoApplicationTests - Running with Spring Boot v2.2.1.RELEASE, Spring v5.2.1.RELEASE
2019-12-23 15:13:56 [main] INFO  c.s.app.SecurityDemoApplicationTests - No active profile set, falling back to default profiles: default
2019-12-23 15:14:02 [main] INFO  c.security.app.config.SecurityConfig - inside AuthenticationManagerBuilder
2019-12-23 15:14:02 [main] INFO  c.security.app.config.SecurityConfig - inside DaoAuthenticationProvider
2019-12-23 15:14:04 [main] INFO  c.s.app.SecurityDemoApplicationTests - Started SecurityDemoApplicationTests in 9.232 seconds (JVM running for 11.115)
2019-12-23 15:17:55 [main] INFO  c.s.app.SecurityDemoApplicationTests - Starting SecurityDemoApplicationTests on DML-05823 with PID 15012 (started by jvaibhavbalu in D:\Eclipse\SecurityDemoWithJspUnitTesting)
2019-12-23 15:17:55 [main] DEBUG c.s.app.SecurityDemoApplicationTests - Running with Spring Boot v2.2.1.RELEASE, Spring v5.2.1.RELEASE
2019-12-23 15:17:55 [main] INFO  c.s.app.SecurityDemoApplicationTests - No active profile set, falling back to default profiles: default
2019-12-23 15:18:01 [main] INFO  c.security.app.config.SecurityConfig - inside AuthenticationManagerBuilder
2019-12-23 15:18:01 [main] INFO  c.security.app.config.SecurityConfig - inside DaoAuthenticationProvider
2019-12-23 15:18:03 [main] INFO  c.s.app.SecurityDemoApplicationTests - Started SecurityDemoApplicationTests in 8.56 seconds (JVM running for 10.874)
2019-12-23 15:20:07 [main] INFO  c.s.app.SecurityDemoApplicationTests - Starting SecurityDemoApplicationTests on DML-05823 with PID 13168 (started by jvaibhavbalu in D:\Eclipse\SecurityDemoWithJspUnitTesting)
2019-12-23 15:20:07 [main] DEBUG c.s.app.SecurityDemoApplicationTests - Running with Spring Boot v2.2.1.RELEASE, Spring v5.2.1.RELEASE
2019-12-23 15:20:07 [main] INFO  c.s.app.SecurityDemoApplicationTests - No active profile set, falling back to default profiles: default
2019-12-23 15:20:14 [main] INFO  c.security.app.config.SecurityConfig - inside AuthenticationManagerBuilder
2019-12-23 15:20:14 [main] INFO  c.security.app.config.SecurityConfig - inside DaoAuthenticationProvider
2019-12-23 15:20:16 [main] INFO  c.s.app.SecurityDemoApplicationTests - Started SecurityDemoApplicationTests in 9.46 seconds (JVM running for 11.345)
2019-12-23 15:22:20 [main] INFO  c.s.app.SecurityDemoApplicationTests - Starting SecurityDemoApplicationTests on DML-05823 with PID 10528 (started by jvaibhavbalu in D:\Eclipse\SecurityDemoWithJspUnitTesting)
2019-12-23 15:22:20 [main] DEBUG c.s.app.SecurityDemoApplicationTests - Running with Spring Boot v2.2.1.RELEASE, Spring v5.2.1.RELEASE
2019-12-23 15:22:20 [main] INFO  c.s.app.SecurityDemoApplicationTests - No active profile set, falling back to default profiles: default
2019-12-23 15:22:26 [main] INFO  c.security.app.config.SecurityConfig - inside AuthenticationManagerBuilder
2019-12-23 15:22:26 [main] INFO  c.security.app.config.SecurityConfig - inside DaoAuthenticationProvider
2019-12-23 15:22:28 [main] INFO  c.s.app.SecurityDemoApplicationTests - Started SecurityDemoApplicationTests in 8.999 seconds (JVM running for 11.451)
2019-12-23 15:26:34 [restartedMain] INFO  c.s.app.SecurityDemoApplication - Starting SecurityDemoApplication on DML-05823 with PID 4772 (D:\Eclipse\SecurityDemoWithJspUnitTesting\target\classes started by jvaibhavbalu in D:\Eclipse\SecurityDemoWithJspUnitTesting)
2019-12-23 15:26:34 [restartedMain] DEBUG c.s.app.SecurityDemoApplication - Running with Spring Boot v2.2.1.RELEASE, Spring v5.2.1.RELEASE
2019-12-23 15:26:34 [restartedMain] INFO  c.s.app.SecurityDemoApplication - No active profile set, falling back to default profiles: default
2019-12-23 15:26:42 [restartedMain] INFO  c.security.app.config.SecurityConfig - inside AuthenticationManagerBuilder
2019-12-23 15:26:42 [restartedMain] INFO  c.security.app.config.SecurityConfig - inside DaoAuthenticationProvider
2019-12-23 15:26:43 [restartedMain] INFO  c.s.app.SecurityDemoApplication - Started SecurityDemoApplication in 9.269 seconds (JVM running for 10.412)
2019-12-23 15:26:51 [http-nio-8080-exec-3] INFO  c.s.app.controller.LoginController - In controller with Sign up
2019-12-23 15:27:09 [http-nio-8080-exec-5] INFO  c.s.app.controller.LoginController - Value Has Been Taken From User
2019-12-23 15:27:16 [http-nio-8080-exec-5] INFO  c.s.app.controller.LoginController - Values Has Been Get set
2019-12-23 15:30:11 [main] INFO  c.s.app.SecurityDemoApplicationTests - Starting SecurityDemoApplicationTests on DML-05823 with PID 6036 (started by jvaibhavbalu in D:\Eclipse\SecurityDemoWithJspUnitTesting)
2019-12-23 15:30:11 [main] DEBUG c.s.app.SecurityDemoApplicationTests - Running with Spring Boot v2.2.1.RELEASE, Spring v5.2.1.RELEASE
2019-12-23 15:30:11 [main] INFO  c.s.app.SecurityDemoApplicationTests - No active profile set, falling back to default profiles: default
2019-12-23 15:30:17 [main] INFO  c.security.app.config.SecurityConfig - inside AuthenticationManagerBuilder
2019-12-23 15:30:17 [main] INFO  c.security.app.config.SecurityConfig - inside DaoAuthenticationProvider
2019-12-23 15:30:19 [main] INFO  c.s.app.SecurityDemoApplicationTests - Started SecurityDemoApplicationTests in 8.656 seconds (JVM running for 10.768)
2019-12-23 15:34:10 [main] INFO  c.s.app.SecurityDemoApplicationTests - Starting SecurityDemoApplicationTests on DML-05823 with PID 18304 (started by jvaibhavbalu in D:\Eclipse\SecurityDemoWithJspUnitTesting)
2019-12-23 15:34:11 [main] DEBUG c.s.app.SecurityDemoApplicationTests - Running with Spring Boot v2.2.1.RELEASE, Spring v5.2.1.RELEASE
2019-12-23 15:34:11 [main] INFO  c.s.app.SecurityDemoApplicationTests - No active profile set, falling back to default profiles: default
2019-12-23 15:34:17 [main] INFO  c.security.app.config.SecurityConfig - inside AuthenticationManagerBuilder
2019-12-23 15:34:17 [main] INFO  c.security.app.config.SecurityConfig - inside DaoAuthenticationProvider
2019-12-23 15:34:19 [main] INFO  c.s.app.SecurityDemoApplicationTests - Started SecurityDemoApplicationTests in 9.394 seconds (JVM running for 11.553)
2019-12-23 15:37:10 [restartedMain] INFO  c.s.app.SecurityDemoApplication - Starting SecurityDemoApplication on DML-05823 with PID 13712 (D:\Eclipse\SecurityDemoWithJspUnitTesting\target\classes started by jvaibhavbalu in D:\Eclipse\SecurityDemoWithJspUnitTesting)
2019-12-23 15:37:10 [restartedMain] DEBUG c.s.app.SecurityDemoApplication - Running with Spring Boot v2.2.1.RELEASE, Spring v5.2.1.RELEASE
2019-12-23 15:37:10 [restartedMain] INFO  c.s.app.SecurityDemoApplication - No active profile set, falling back to default profiles: default
2019-12-23 15:37:18 [restartedMain] INFO  c.security.app.config.SecurityConfig - inside AuthenticationManagerBuilder
2019-12-23 15:37:18 [restartedMain] INFO  c.security.app.config.SecurityConfig - inside DaoAuthenticationProvider
2019-12-23 15:37:19 [restartedMain] INFO  c.s.app.SecurityDemoApplication - Started SecurityDemoApplication in 9.612 seconds (JVM running for 10.819)
2019-12-23 15:37:23 [http-nio-8080-exec-1] INFO  c.s.app.controller.LoginController - In /login controller
2019-12-23 15:37:25 [http-nio-8080-exec-3] INFO  c.s.app.controller.LoginController - In controller with Sign up
2019-12-23 15:38:04 [main] INFO  c.s.app.SecurityDemoApplicationTests - Starting SecurityDemoApplicationTests on DML-05823 with PID 16108 (started by jvaibhavbalu in D:\Eclipse\SecurityDemoWithJspUnitTesting)
2019-12-23 15:38:04 [main] DEBUG c.s.app.SecurityDemoApplicationTests - Running with Spring Boot v2.2.1.RELEASE, Spring v5.2.1.RELEASE
2019-12-23 15:38:04 [main] INFO  c.s.app.SecurityDemoApplicationTests - No active profile set, falling back to default profiles: default
2019-12-23 15:38:11 [main] INFO  c.security.app.config.SecurityConfig - inside AuthenticationManagerBuilder
2019-12-23 15:38:11 [main] INFO  c.security.app.config.SecurityConfig - inside DaoAuthenticationProvider
2019-12-23 15:38:13 [main] INFO  c.s.app.SecurityDemoApplicationTests - Started SecurityDemoApplicationTests in 8.773 seconds (JVM running for 11.13)
2019-12-23 15:40:22 [main] INFO  c.s.app.SecurityDemoApplicationTests - Starting SecurityDemoApplicationTests on DML-05823 with PID 10792 (started by jvaibhavbalu in D:\Eclipse\SecurityDemoWithJspUnitTesting)
2019-12-23 15:40:22 [main] DEBUG c.s.app.SecurityDemoApplicationTests - Running with Spring Boot v2.2.1.RELEASE, Spring v5.2.1.RELEASE
2019-12-23 15:40:22 [main] INFO  c.s.app.SecurityDemoApplicationTests - No active profile set, falling back to default profiles: default
2019-12-23 15:40:31 [main] INFO  c.security.app.config.SecurityConfig - inside AuthenticationManagerBuilder
2019-12-23 15:40:31 [main] INFO  c.security.app.config.SecurityConfig - inside DaoAuthenticationProvider
2019-12-23 15:40:34 [main] INFO  c.s.app.SecurityDemoApplicationTests - Started SecurityDemoApplicationTests in 12.98 seconds (JVM running for 19.557)
2019-12-23 15:43:06 [main] INFO  c.s.app.SecurityDemoApplicationTests - Starting SecurityDemoApplicationTests on DML-05823 with PID 17432 (started by jvaibhavbalu in D:\Eclipse\SecurityDemoWithJspUnitTesting)
2019-12-23 15:43:06 [main] DEBUG c.s.app.SecurityDemoApplicationTests - Running with Spring Boot v2.2.1.RELEASE, Spring v5.2.1.RELEASE
2019-12-23 15:43:06 [main] INFO  c.s.app.SecurityDemoApplicationTests - No active profile set, falling back to default profiles: default
2019-12-23 15:43:15 [main] INFO  c.security.app.config.SecurityConfig - inside AuthenticationManagerBuilder
2019-12-23 15:43:15 [main] INFO  c.security.app.config.SecurityConfig - inside DaoAuthenticationProvider
2019-12-23 15:43:18 [main] INFO  c.s.app.SecurityDemoApplicationTests - Started SecurityDemoApplicationTests in 13.215 seconds (JVM running for 16.436)
2019-12-23 15:50:53 [main] INFO  c.s.app.SecurityDemoApplicationTests - Starting SecurityDemoApplicationTests on DML-05823 with PID 6376 (started by jvaibhavbalu in D:\Eclipse\SecurityDemoWithJspUnitTesting)
2019-12-23 15:50:53 [main] DEBUG c.s.app.SecurityDemoApplicationTests - Running with Spring Boot v2.2.1.RELEASE, Spring v5.2.1.RELEASE
2019-12-23 15:50:53 [main] INFO  c.s.app.SecurityDemoApplicationTests - No active profile set, falling back to default profiles: default
2019-12-23 15:51:01 [main] INFO  c.security.app.config.SecurityConfig - inside AuthenticationManagerBuilder
2019-12-23 15:51:01 [main] INFO  c.security.app.config.SecurityConfig - inside DaoAuthenticationProvider
2019-12-23 15:51:04 [main] INFO  c.s.app.SecurityDemoApplicationTests - Started SecurityDemoApplicationTests in 11.143 seconds (JVM running for 13.763)
2019-12-23 15:52:36 [main] INFO  c.s.app.SecurityDemoApplicationTests - Starting SecurityDemoApplicationTests on DML-05823 with PID 15684 (started by jvaibhavbalu in D:\Eclipse\SecurityDemoWithJspUnitTesting)
2019-12-23 15:52:36 [main] DEBUG c.s.app.SecurityDemoApplicationTests - Running with Spring Boot v2.2.1.RELEASE, Spring v5.2.1.RELEASE
2019-12-23 15:52:36 [main] INFO  c.s.app.SecurityDemoApplicationTests - No active profile set, falling back to default profiles: default
2019-12-23 15:52:46 [main] INFO  c.security.app.config.SecurityConfig - inside AuthenticationManagerBuilder
2019-12-23 15:52:46 [main] INFO  c.security.app.config.SecurityConfig - inside DaoAuthenticationProvider
2019-12-23 15:52:49 [main] INFO  c.s.app.SecurityDemoApplicationTests - Started SecurityDemoApplicationTests in 13.215 seconds (JVM running for 16.789)
2019-12-23 15:58:27 [main] INFO  c.s.app.SecurityDemoApplicationTests - Starting SecurityDemoApplicationTests on DML-05823 with PID 3980 (started by jvaibhavbalu in D:\Eclipse\SecurityDemoWithJspUnitTesting)
2019-12-23 15:58:27 [main] DEBUG c.s.app.SecurityDemoApplicationTests - Running with Spring Boot v2.2.1.RELEASE, Spring v5.2.1.RELEASE
2019-12-23 15:58:27 [main] INFO  c.s.app.SecurityDemoApplicationTests - No active profile set, falling back to default profiles: default
2019-12-23 15:58:37 [main] INFO  c.security.app.config.SecurityConfig - inside AuthenticationManagerBuilder
2019-12-23 15:58:37 [main] INFO  c.security.app.config.SecurityConfig - inside DaoAuthenticationProvider
2019-12-23 15:58:39 [main] INFO  c.s.app.SecurityDemoApplicationTests - Started SecurityDemoApplicationTests in 12.963 seconds (JVM running for 16.516)
2019-12-23 16:08:23 [restartedMain] INFO  c.s.app.SecurityDemoApplication - Starting SecurityDemoApplication on DML-05823 with PID 15096 (D:\Eclipse\SecurityDemoWithJspUnitTesting\target\classes started by jvaibhavbalu in D:\Eclipse\SecurityDemoWithJspUnitTesting)
2019-12-23 16:08:23 [restartedMain] DEBUG c.s.app.SecurityDemoApplication - Running with Spring Boot v2.2.1.RELEASE, Spring v5.2.1.RELEASE
2019-12-23 16:08:23 [restartedMain] INFO  c.s.app.SecurityDemoApplication - No active profile set, falling back to default profiles: default
2019-12-23 16:08:31 [restartedMain] INFO  c.security.app.config.SecurityConfig - inside AuthenticationManagerBuilder
2019-12-23 16:08:31 [restartedMain] INFO  c.security.app.config.SecurityConfig - inside DaoAuthenticationProvider
2019-12-23 16:08:32 [restartedMain] INFO  c.s.app.SecurityDemoApplication - Started SecurityDemoApplication in 9.836 seconds (JVM running for 11.44)
2019-12-23 16:08:37 [http-nio-8080-exec-1] INFO  c.s.app.controller.LoginController - In controller with Sign up
2019-12-23 16:08:59 [http-nio-8080-exec-3] INFO  c.s.app.controller.LoginController - Value Has Been Taken From User
2019-12-23 16:09:05 [http-nio-8080-exec-3] INFO  c.s.app.controller.LoginController - Values Has Been Get set
2019-12-23 16:21:18 [http-nio-8080-exec-2] INFO  c.s.app.controller.LoginController - In controller with Sign up
2019-12-23 16:56:00 [main] INFO  c.s.app.SecurityDemoApplicationTests - Starting SecurityDemoApplicationTests on DML-05823 with PID 9236 (started by jvaibhavbalu in D:\Eclipse\SecurityDemoWithJspUnitTesting)
2019-12-23 16:56:00 [main] DEBUG c.s.app.SecurityDemoApplicationTests - Running with Spring Boot v2.2.1.RELEASE, Spring v5.2.1.RELEASE
2019-12-23 16:56:00 [main] INFO  c.s.app.SecurityDemoApplicationTests - No active profile set, falling back to default profiles: default
2019-12-23 16:56:09 [main] INFO  c.security.app.config.SecurityConfig - inside AuthenticationManagerBuilder
2019-12-23 16:56:09 [main] INFO  c.security.app.config.SecurityConfig - inside DaoAuthenticationProvider
2019-12-23 16:56:11 [main] INFO  c.s.app.SecurityDemoApplicationTests - Started SecurityDemoApplicationTests in 11.865 seconds (JVM running for 14.472)
2019-12-23 17:25:34 [main] INFO  c.s.app.SecurityDemoApplicationTests - Starting SecurityDemoApplicationTests on DML-05823 with PID 8164 (started by jvaibhavbalu in D:\Eclipse\SecurityDemoWithJspUnitTesting)
2019-12-23 17:25:34 [main] DEBUG c.s.app.SecurityDemoApplicationTests - Running with Spring Boot v2.2.1.RELEASE, Spring v5.2.1.RELEASE
2019-12-23 17:25:34 [main] INFO  c.s.app.SecurityDemoApplicationTests - No active profile set, falling back to default profiles: default
2019-12-23 17:25:41 [main] INFO  c.security.app.config.SecurityConfig - inside AuthenticationManagerBuilder
2019-12-23 17:25:41 [main] INFO  c.security.app.config.SecurityConfig - inside DaoAuthenticationProvider
2019-12-23 17:25:44 [main] INFO  c.s.app.SecurityDemoApplicationTests - Started SecurityDemoApplicationTests in 10.195 seconds (JVM running for 12.254)
2019-12-23 17:26:18 [main] INFO  c.s.app.SecurityDemoApplicationTests - Starting SecurityDemoApplicationTests on DML-05823 with PID 7956 (started by jvaibhavbalu in D:\Eclipse\SecurityDemoWithJspUnitTesting)
2019-12-23 17:26:18 [main] DEBUG c.s.app.SecurityDemoApplicationTests - Running with Spring Boot v2.2.1.RELEASE, Spring v5.2.1.RELEASE
2019-12-23 17:26:18 [main] INFO  c.s.app.SecurityDemoApplicationTests - No active profile set, falling back to default profiles: default
2019-12-23 17:26:25 [main] INFO  c.security.app.config.SecurityConfig - inside AuthenticationManagerBuilder
2019-12-23 17:26:25 [main] INFO  c.security.app.config.SecurityConfig - inside DaoAuthenticationProvider
2019-12-23 17:26:27 [main] INFO  c.s.app.SecurityDemoApplicationTests - Started SecurityDemoApplicationTests in 9.497 seconds (JVM running for 11.349)
2019-12-23 17:36:31 [main] INFO  c.s.app.SecurityDemoApplicationTests - Starting SecurityDemoApplicationTests on DML-05823 with PID 17064 (started by jvaibhavbalu in D:\Eclipse\SecurityDemoWithJspUnitTesting)
2019-12-23 17:36:31 [main] DEBUG c.s.app.SecurityDemoApplicationTests - Running with Spring Boot v2.2.1.RELEASE, Spring v5.2.1.RELEASE
2019-12-23 17:36:31 [main] INFO  c.s.app.SecurityDemoApplicationTests - No active profile set, falling back to default profiles: default
2019-12-23 17:36:40 [main] INFO  c.security.app.config.SecurityConfig - inside AuthenticationManagerBuilder
2019-12-23 17:36:40 [main] INFO  c.security.app.config.SecurityConfig - inside DaoAuthenticationProvider
2019-12-23 17:36:43 [main] INFO  c.s.app.SecurityDemoApplicationTests - Started SecurityDemoApplicationTests in 13.391 seconds (JVM running for 17.292)
2019-12-23 17:43:34 [restartedMain] INFO  c.s.app.SecurityDemoApplication - Starting SecurityDemoApplication on DML-05823 with PID 18044 (D:\Eclipse\SecurityDemoWithJspUnitTesting\target\classes started by jvaibhavbalu in D:\Eclipse\SecurityDemoWithJspUnitTesting)
2019-12-23 17:43:34 [restartedMain] DEBUG c.s.app.SecurityDemoApplication - Running with Spring Boot v2.2.1.RELEASE, Spring v5.2.1.RELEASE
2019-12-23 17:43:34 [restartedMain] INFO  c.s.app.SecurityDemoApplication - No active profile set, falling back to default profiles: default
2019-12-23 17:43:41 [restartedMain] INFO  c.security.app.config.SecurityConfig - inside AuthenticationManagerBuilder
2019-12-23 17:43:41 [restartedMain] INFO  c.security.app.config.SecurityConfig - inside DaoAuthenticationProvider
2019-12-23 17:43:42 [restartedMain] INFO  c.s.app.SecurityDemoApplication - Started SecurityDemoApplication in 9.061 seconds (JVM running for 10.429)
2019-12-23 17:44:14 [http-nio-8080-exec-1] INFO  c.s.app.controller.LoginController - In controller with Sign up
2019-12-23 17:44:56 [restartedMain] INFO  c.s.app.SecurityDemoApplication - Starting SecurityDemoApplication on DML-05823 with PID 17836 (D:\Eclipse\SecurityDemoWithJspUnitTesting\target\classes started by jvaibhavbalu in D:\Eclipse\SecurityDemoWithJspUnitTesting)
2019-12-23 17:44:56 [restartedMain] DEBUG c.s.app.SecurityDemoApplication - Running with Spring Boot v2.2.1.RELEASE, Spring v5.2.1.RELEASE
2019-12-23 17:44:56 [restartedMain] INFO  c.s.app.SecurityDemoApplication - No active profile set, falling back to default profiles: default
2019-12-23 17:45:08 [restartedMain] INFO  c.security.app.config.SecurityConfig - inside AuthenticationManagerBuilder
2019-12-23 17:45:08 [restartedMain] INFO  c.security.app.config.SecurityConfig - inside DaoAuthenticationProvider
2019-12-23 17:45:09 [restartedMain] INFO  c.s.app.SecurityDemoApplication - Started SecurityDemoApplication in 13.898 seconds (JVM running for 15.916)
2019-12-23 17:45:36 [http-nio-8080-exec-1] INFO  c.s.app.controller.LoginController - In controller with Sign up
2019-12-23 17:46:36 [http-nio-8080-exec-9] INFO  c.s.app.controller.LoginController - In controller with Sign up
2019-12-23 17:47:02 [http-nio-8080-exec-1] INFO  c.s.app.controller.LoginController - Value Has Been Taken From User
2019-12-23 17:48:33 [http-nio-8080-exec-1] INFO  c.s.app.controller.LoginController - Values Has Been Get set
2019-12-23 17:51:40 [main] INFO  c.s.app.SecurityDemoApplicationTests - Starting SecurityDemoApplicationTests on DML-05823 with PID 15424 (started by jvaibhavbalu in D:\Eclipse\SecurityDemoWithJspUnitTesting)
2019-12-23 17:51:40 [main] DEBUG c.s.app.SecurityDemoApplicationTests - Running with Spring Boot v2.2.1.RELEASE, Spring v5.2.1.RELEASE
2019-12-23 17:51:40 [main] INFO  c.s.app.SecurityDemoApplicationTests - No active profile set, falling back to default profiles: default
2019-12-23 17:51:46 [main] INFO  c.security.app.config.SecurityConfig - inside AuthenticationManagerBuilder
2019-12-23 17:51:46 [main] INFO  c.security.app.config.SecurityConfig - inside DaoAuthenticationProvider
2019-12-23 17:52:06 [main] INFO  c.s.app.SecurityDemoApplicationTests - Starting SecurityDemoApplicationTests on DML-05823 with PID 8976 (started by jvaibhavbalu in D:\Eclipse\SecurityDemoWithJspUnitTesting)
2019-12-23 17:52:06 [main] DEBUG c.s.app.SecurityDemoApplicationTests - Running with Spring Boot v2.2.1.RELEASE, Spring v5.2.1.RELEASE
2019-12-23 17:52:06 [main] INFO  c.s.app.SecurityDemoApplicationTests - No active profile set, falling back to default profiles: default
2019-12-23 17:52:13 [main] INFO  c.security.app.config.SecurityConfig - inside AuthenticationManagerBuilder
2019-12-23 17:52:13 [main] INFO  c.security.app.config.SecurityConfig - inside DaoAuthenticationProvider
2019-12-23 17:52:15 [main] INFO  c.s.app.SecurityDemoApplicationTests - Started SecurityDemoApplicationTests in 9.727 seconds (JVM running for 12.33)
