2019-12-16 16:58:39 [restartedMain] INFO  c.s.app.SecurityDemoApplication - Starting SecurityDemoApplication on DML-05823 with PID 26848 (D:\Eclipse\SecurityDemoWithJsp\target\classes started by jvaibhavbalu in D:\Eclipse\SecurityDemoWithJsp)
2019-12-16 16:58:39 [restartedMain] DEBUG c.s.app.SecurityDemoApplication - Running with Spring Boot v2.2.1.RELEASE, Spring v5.2.1.RELEASE
2019-12-16 16:58:39 [restartedMain] INFO  c.s.app.SecurityDemoApplication - No active profile set, falling back to default profiles: default
2019-12-16 16:58:47 [restartedMain] INFO  c.security.app.config.SecurityConfig - inside AuthenticationManagerBuilder
2019-12-16 16:58:47 [restartedMain] INFO  c.security.app.config.SecurityConfig - inside DaoAuthenticationProvider
2019-12-16 16:58:48 [restartedMain] INFO  c.s.app.SecurityDemoApplication - Started SecurityDemoApplication in 10.526 seconds (JVM running for 12.253)
2019-12-16 16:59:05 [http-nio-8080-exec-1] INFO  c.s.app.controller.LoginController - In controller with Sign up
2019-12-16 17:03:02 [restartedMain] INFO  c.s.app.SecurityDemoApplication - Starting SecurityDemoApplication on DML-05823 with PID 26848 (D:\Eclipse\SecurityDemoWithJsp\target\classes started by jvaibhavbalu in D:\Eclipse\SecurityDemoWithJsp)
2019-12-16 17:03:02 [restartedMain] DEBUG c.s.app.SecurityDemoApplication - Running with Spring Boot v2.2.1.RELEASE, Spring v5.2.1.RELEASE
2019-12-16 17:03:02 [restartedMain] INFO  c.s.app.SecurityDemoApplication - No active profile set, falling back to default profiles: default
2019-12-16 17:03:04 [restartedMain] INFO  c.security.app.config.SecurityConfig - inside AuthenticationManagerBuilder
2019-12-16 17:03:04 [restartedMain] INFO  c.security.app.config.SecurityConfig - inside DaoAuthenticationProvider
2019-12-16 17:03:05 [restartedMain] INFO  c.s.app.SecurityDemoApplication - Started SecurityDemoApplication in 2.501 seconds (JVM running for 268.521)
2019-12-16 17:03:05 [http-nio-8080-exec-1] INFO  c.s.app.controller.LoginController - In controller with Sign up
2019-12-16 17:04:34 [restartedMain] INFO  c.s.app.SecurityDemoApplication - Starting SecurityDemoApplication on DML-05823 with PID 13420 (D:\Eclipse\SecurityDemoWithJsp\target\classes started by jvaibhavbalu in D:\Eclipse\SecurityDemoWithJsp)
2019-12-16 17:04:34 [restartedMain] DEBUG c.s.app.SecurityDemoApplication - Running with Spring Boot v2.2.1.RELEASE, Spring v5.2.1.RELEASE
2019-12-16 17:04:34 [restartedMain] INFO  c.s.app.SecurityDemoApplication - No active profile set, falling back to default profiles: default
2019-12-16 17:04:43 [restartedMain] INFO  c.security.app.config.SecurityConfig - inside AuthenticationManagerBuilder
2019-12-16 17:04:43 [restartedMain] INFO  c.security.app.config.SecurityConfig - inside DaoAuthenticationProvider
2019-12-16 17:04:44 [restartedMain] INFO  c.s.app.SecurityDemoApplication - Started SecurityDemoApplication in 10.688 seconds (JVM running for 12.274)
2019-12-16 17:07:56 [http-nio-8080-exec-1] INFO  c.s.app.controller.LoginController - In controller with Sign up
2019-12-16 17:46:10 [restartedMain] INFO  c.s.app.SecurityDemoApplication - Starting SecurityDemoApplication on DML-05823 with PID 20952 (D:\Eclipse\SecurityDemoWithJsp\target\classes started by jvaibhavbalu in D:\Eclipse\SecurityDemoWithJsp)
2019-12-16 17:46:10 [restartedMain] DEBUG c.s.app.SecurityDemoApplication - Running with Spring Boot v2.2.1.RELEASE, Spring v5.2.1.RELEASE
2019-12-16 17:46:10 [restartedMain] INFO  c.s.app.SecurityDemoApplication - No active profile set, falling back to default profiles: default
2019-12-16 17:46:36 [restartedMain] INFO  c.security.app.config.SecurityConfig - inside AuthenticationManagerBuilder
2019-12-16 17:46:36 [restartedMain] INFO  c.security.app.config.SecurityConfig - inside DaoAuthenticationProvider
2019-12-16 17:46:38 [restartedMain] INFO  c.s.app.SecurityDemoApplication - Started SecurityDemoApplication in 28.131 seconds (JVM running for 29.166)
2019-12-16 17:46:54 [http-nio-8080-exec-1] INFO  c.s.app.controller.LoginController - In controller with Sign up
2019-12-16 17:49:29 [restartedMain] INFO  c.s.app.SecurityDemoApplication - Starting SecurityDemoApplication on DML-05823 with PID 8396 (D:\Eclipse\SecurityDemoWithJsp\target\classes started by jvaibhavbalu in D:\Eclipse\SecurityDemoWithJsp)
2019-12-16 17:49:29 [restartedMain] DEBUG c.s.app.SecurityDemoApplication - Running with Spring Boot v2.2.1.RELEASE, Spring v5.2.1.RELEASE
2019-12-16 17:49:29 [restartedMain] INFO  c.s.app.SecurityDemoApplication - No active profile set, falling back to default profiles: default
2019-12-16 17:49:36 [restartedMain] INFO  c.security.app.config.SecurityConfig - inside AuthenticationManagerBuilder
2019-12-16 17:49:36 [restartedMain] INFO  c.security.app.config.SecurityConfig - inside DaoAuthenticationProvider
2019-12-16 17:49:37 [restartedMain] INFO  c.s.app.SecurityDemoApplication - Started SecurityDemoApplication in 9.59 seconds (JVM running for 10.594)
2019-12-16 17:49:45 [http-nio-8080-exec-1] INFO  c.s.app.controller.LoginController - In controller with Sign up
2019-12-16 17:49:48 [http-nio-8080-exec-3] INFO  c.s.app.controller.LoginController - In controller with Sign up
2019-12-16 17:49:49 [http-nio-8080-exec-5] INFO  c.s.app.controller.LoginController - In controller with Sign up
2019-12-16 17:49:49 [http-nio-8080-exec-7] INFO  c.s.app.controller.LoginController - In controller with Sign up
2019-12-16 17:49:50 [http-nio-8080-exec-9] INFO  c.s.app.controller.LoginController - In controller with Sign up
2019-12-16 17:49:50 [http-nio-8080-exec-1] INFO  c.s.app.controller.LoginController - In controller with Sign up
2019-12-16 17:49:50 [http-nio-8080-exec-3] INFO  c.s.app.controller.LoginController - In controller with Sign up
2019-12-16 17:49:51 [http-nio-8080-exec-5] INFO  c.s.app.controller.LoginController - In controller with Sign up
2019-12-16 17:49:51 [http-nio-8080-exec-7] INFO  c.s.app.controller.LoginController - In controller with Sign up
2019-12-16 17:49:51 [http-nio-8080-exec-9] INFO  c.s.app.controller.LoginController - In controller with Sign up
2019-12-16 17:49:51 [http-nio-8080-exec-1] INFO  c.s.app.controller.LoginController - In controller with Sign up
2019-12-16 17:53:41 [main] INFO  c.s.app.SecurityDemoApplicationTests - Starting SecurityDemoApplicationTests on DML-05823 with PID 31040 (started by jvaibhavbalu in D:\Eclipse\SecurityDemoWithJsp)
2019-12-16 17:53:41 [main] DEBUG c.s.app.SecurityDemoApplicationTests - Running with Spring Boot v2.2.1.RELEASE, Spring v5.2.1.RELEASE
2019-12-16 17:53:41 [main] INFO  c.s.app.SecurityDemoApplicationTests - No active profile set, falling back to default profiles: default
2019-12-16 17:53:48 [main] INFO  c.security.app.config.SecurityConfig - inside AuthenticationManagerBuilder
2019-12-16 17:53:48 [main] INFO  c.security.app.config.SecurityConfig - inside DaoAuthenticationProvider
2019-12-16 17:53:51 [main] INFO  c.s.app.SecurityDemoApplicationTests - Started SecurityDemoApplicationTests in 11.15 seconds (JVM running for 13.372)
2019-12-16 17:54:25 [restartedMain] INFO  c.s.app.SecurityDemoApplication - Starting SecurityDemoApplication on DML-05823 with PID 17120 (D:\Eclipse\SecurityDemoWithJsp\target\classes started by jvaibhavbalu in D:\Eclipse\SecurityDemoWithJsp)
2019-12-16 17:54:25 [restartedMain] DEBUG c.s.app.SecurityDemoApplication - Running with Spring Boot v2.2.1.RELEASE, Spring v5.2.1.RELEASE
2019-12-16 17:54:25 [restartedMain] INFO  c.s.app.SecurityDemoApplication - No active profile set, falling back to default profiles: default
2019-12-16 17:54:32 [restartedMain] INFO  c.security.app.config.SecurityConfig - inside AuthenticationManagerBuilder
2019-12-16 17:54:32 [restartedMain] INFO  c.security.app.config.SecurityConfig - inside DaoAuthenticationProvider
2019-12-16 17:54:34 [restartedMain] INFO  c.s.app.SecurityDemoApplication - Started SecurityDemoApplication in 9.643 seconds (JVM running for 10.93)
2019-12-16 17:54:56 [http-nio-8080-exec-3] INFO  c.s.app.controller.LoginController - In controller with Sign up
2019-12-16 17:58:30 [restartedMain] INFO  c.s.app.SecurityDemoApplication - Starting SecurityDemoApplication on DML-05823 with PID 2120 (D:\Eclipse\SecurityDemoWithJsp\target\classes started by jvaibhavbalu in D:\Eclipse\SecurityDemoWithJsp)
2019-12-16 17:58:30 [restartedMain] DEBUG c.s.app.SecurityDemoApplication - Running with Spring Boot v2.2.1.RELEASE, Spring v5.2.1.RELEASE
2019-12-16 17:58:30 [restartedMain] INFO  c.s.app.SecurityDemoApplication - No active profile set, falling back to default profiles: default
2019-12-16 17:58:37 [restartedMain] INFO  c.security.app.config.SecurityConfig - inside AuthenticationManagerBuilder
2019-12-16 17:58:37 [restartedMain] INFO  c.security.app.config.SecurityConfig - inside DaoAuthenticationProvider
2019-12-16 17:58:38 [restartedMain] INFO  c.s.app.SecurityDemoApplication - Started SecurityDemoApplication in 9.536 seconds (JVM running for 11.095)
2019-12-16 17:58:46 [http-nio-8080-exec-1] INFO  c.s.app.controller.LoginController - In controller with Sign up
2019-12-16 17:59:03 [http-nio-8080-exec-3] INFO  c.s.app.controller.LoginController - inside the signup
2019-12-16 17:59:19 [http-nio-8080-exec-3] INFO  c.s.app.controller.LoginController - inside the signup123
2019-12-16 17:59:28 [http-nio-8080-exec-6] INFO  c.s.app.controller.LoginController - In /login controller
2019-12-16 18:01:01 [restartedMain] INFO  c.s.app.SecurityDemoApplication - Starting SecurityDemoApplication on DML-05823 with PID 3672 (D:\Eclipse\SecurityDemoWithJsp\target\classes started by jvaibhavbalu in D:\Eclipse\SecurityDemoWithJsp)
2019-12-16 18:01:01 [restartedMain] DEBUG c.s.app.SecurityDemoApplication - Running with Spring Boot v2.2.1.RELEASE, Spring v5.2.1.RELEASE
2019-12-16 18:01:01 [restartedMain] INFO  c.s.app.SecurityDemoApplication - No active profile set, falling back to default profiles: default
2019-12-16 18:01:09 [restartedMain] INFO  c.security.app.config.SecurityConfig - inside AuthenticationManagerBuilder
2019-12-16 18:01:09 [restartedMain] INFO  c.security.app.config.SecurityConfig - inside DaoAuthenticationProvider
2019-12-16 18:01:11 [restartedMain] INFO  c.s.app.SecurityDemoApplication - Started SecurityDemoApplication in 10.205 seconds (JVM running for 11.184)
2019-12-16 18:01:29 [http-nio-8080-exec-4] INFO  c.s.app.controller.LoginController - In controller with Sign up
2019-12-16 18:03:21 [restartedMain] INFO  c.s.app.SecurityDemoApplication - Starting SecurityDemoApplication on DML-05823 with PID 6352 (D:\Eclipse\SecurityDemoWithJsp\target\classes started by jvaibhavbalu in D:\Eclipse\SecurityDemoWithJsp)
2019-12-16 18:03:21 [restartedMain] DEBUG c.s.app.SecurityDemoApplication - Running with Spring Boot v2.2.1.RELEASE, Spring v5.2.1.RELEASE
2019-12-16 18:03:21 [restartedMain] INFO  c.s.app.SecurityDemoApplication - No active profile set, falling back to default profiles: default
2019-12-16 18:03:28 [restartedMain] INFO  c.security.app.config.SecurityConfig - inside AuthenticationManagerBuilder
2019-12-16 18:03:28 [restartedMain] INFO  c.security.app.config.SecurityConfig - inside DaoAuthenticationProvider
2019-12-16 18:03:30 [restartedMain] INFO  c.s.app.SecurityDemoApplication - Started SecurityDemoApplication in 9.743 seconds (JVM running for 11.092)
2019-12-16 18:03:48 [http-nio-8080-exec-9] INFO  c.s.app.controller.LoginController - In controller with Sign up
2019-12-16 18:04:51 [restartedMain] INFO  c.s.app.SecurityDemoApplication - Starting SecurityDemoApplication on DML-05823 with PID 26372 (D:\Eclipse\SecurityDemoWithJsp\target\classes started by jvaibhavbalu in D:\Eclipse\SecurityDemoWithJsp)
2019-12-16 18:04:51 [restartedMain] DEBUG c.s.app.SecurityDemoApplication - Running with Spring Boot v2.2.1.RELEASE, Spring v5.2.1.RELEASE
2019-12-16 18:04:51 [restartedMain] INFO  c.s.app.SecurityDemoApplication - No active profile set, falling back to default profiles: default
2019-12-16 18:04:59 [restartedMain] INFO  c.security.app.config.SecurityConfig - inside AuthenticationManagerBuilder
2019-12-16 18:04:59 [restartedMain] INFO  c.security.app.config.SecurityConfig - inside DaoAuthenticationProvider
2019-12-16 18:05:00 [restartedMain] INFO  c.s.app.SecurityDemoApplication - Started SecurityDemoApplication in 9.749 seconds (JVM running for 11.331)
2019-12-16 18:05:08 [http-nio-8080-exec-3] INFO  c.s.app.controller.LoginController - In controller with Sign up
2019-12-16 18:05:32 [http-nio-8080-exec-9] INFO  c.s.app.controller.LoginController - In controller with Sign up
2019-12-16 18:06:22 [http-nio-8080-exec-3] INFO  c.s.app.controller.LoginController - In controller with Sign up
2019-12-16 18:06:26 [http-nio-8080-exec-7] INFO  c.s.app.controller.LoginController - In controller with Sign up
2019-12-16 18:07:39 [http-nio-8080-exec-2] INFO  c.s.app.controller.LoginController - In controller with Sign up
2019-12-16 18:07:43 [http-nio-8080-exec-5] INFO  c.s.app.controller.LoginController - In controller with Sign up
2019-12-16 18:07:44 [http-nio-8080-exec-8] INFO  c.s.app.controller.LoginController - In controller with Sign up
2019-12-16 18:07:44 [http-nio-8080-exec-10] INFO  c.s.app.controller.LoginController - In controller with Sign up
2019-12-16 18:07:44 [http-nio-8080-exec-2] INFO  c.s.app.controller.LoginController - In controller with Sign up
2019-12-16 18:07:44 [http-nio-8080-exec-4] INFO  c.s.app.controller.LoginController - In controller with Sign up
2019-12-16 18:07:44 [http-nio-8080-exec-5] INFO  c.s.app.controller.LoginController - In controller with Sign up
2019-12-16 18:07:45 [http-nio-8080-exec-8] INFO  c.s.app.controller.LoginController - In controller with Sign up
2019-12-16 18:08:57 [restartedMain] INFO  c.s.app.SecurityDemoApplication - Starting SecurityDemoApplication on DML-05823 with PID 25108 (D:\Eclipse\SecurityDemoWithJsp\target\classes started by jvaibhavbalu in D:\Eclipse\SecurityDemoWithJsp)
2019-12-16 18:08:57 [restartedMain] DEBUG c.s.app.SecurityDemoApplication - Running with Spring Boot v2.2.1.RELEASE, Spring v5.2.1.RELEASE
2019-12-16 18:08:57 [restartedMain] INFO  c.s.app.SecurityDemoApplication - No active profile set, falling back to default profiles: default
2019-12-16 18:09:05 [restartedMain] INFO  c.security.app.config.SecurityConfig - inside AuthenticationManagerBuilder
2019-12-16 18:09:05 [restartedMain] INFO  c.security.app.config.SecurityConfig - inside DaoAuthenticationProvider
2019-12-16 18:09:06 [restartedMain] INFO  c.s.app.SecurityDemoApplication - Started SecurityDemoApplication in 9.607 seconds (JVM running for 10.833)
2019-12-16 18:09:17 [http-nio-8080-exec-1] INFO  c.s.app.controller.LoginController - In controller with Sign up
2019-12-16 18:09:21 [http-nio-8080-exec-2] INFO  c.s.app.controller.LoginController - In controller with Sign up
2019-12-16 18:09:35 [http-nio-8080-exec-5] INFO  c.s.app.controller.LoginController - inside the signup
2019-12-16 18:09:42 [http-nio-8080-exec-5] INFO  c.s.app.controller.LoginController - inside the signup123
2019-12-16 18:09:46 [http-nio-8080-exec-9] INFO  c.s.app.controller.LoginController - In /login controller
2019-12-16 18:10:35 [restartedMain] INFO  c.s.app.SecurityDemoApplication - Starting SecurityDemoApplication on DML-05823 with PID 10604 (D:\Eclipse\SecurityDemoWithJsp\target\classes started by jvaibhavbalu in D:\Eclipse\SecurityDemoWithJsp)
2019-12-16 18:10:35 [restartedMain] DEBUG c.s.app.SecurityDemoApplication - Running with Spring Boot v2.2.1.RELEASE, Spring v5.2.1.RELEASE
2019-12-16 18:10:35 [restartedMain] INFO  c.s.app.SecurityDemoApplication - No active profile set, falling back to default profiles: default
2019-12-16 18:10:42 [restartedMain] INFO  c.security.app.config.SecurityConfig - inside AuthenticationManagerBuilder
2019-12-16 18:10:42 [restartedMain] INFO  c.security.app.config.SecurityConfig - inside DaoAuthenticationProvider
2019-12-16 18:10:44 [restartedMain] INFO  c.s.app.SecurityDemoApplication - Started SecurityDemoApplication in 9.711 seconds (JVM running for 11.027)
2019-12-16 18:10:59 [http-nio-8080-exec-1] INFO  c.s.app.controller.LoginController - In controller with Sign up
2019-12-16 18:59:08 [restartedMain] INFO  c.s.app.SecurityDemoApplication - Starting SecurityDemoApplication on DML-05823 with PID 15264 (D:\Eclipse\SecurityDemoWithJsp\target\classes started by jvaibhavbalu in D:\Eclipse\SecurityDemoWithJsp)
2019-12-16 18:59:08 [restartedMain] DEBUG c.s.app.SecurityDemoApplication - Running with Spring Boot v2.2.1.RELEASE, Spring v5.2.1.RELEASE
2019-12-16 18:59:08 [restartedMain] INFO  c.s.app.SecurityDemoApplication - No active profile set, falling back to default profiles: default
2019-12-16 18:59:16 [restartedMain] INFO  c.security.app.config.SecurityConfig - inside AuthenticationManagerBuilder
2019-12-16 18:59:16 [restartedMain] INFO  c.security.app.config.SecurityConfig - inside DaoAuthenticationProvider
2019-12-16 18:59:17 [restartedMain] INFO  c.s.app.SecurityDemoApplication - Started SecurityDemoApplication in 10.268 seconds (JVM running for 11.282)
